SF:lib\models\administrative_area.dart
DA:29,0
DA:31,0
DA:33,0
DA:40,3
DA:49,1
DA:60,0
DA:71,1
DA:78,1
DA:79,0
DA:80,1
DA:81,1
DA:82,1
DA:83,1
DA:84,0
DA:97,0
DA:117,1
DA:129,2
DA:143,2
DA:159,2
DA:185,0
DA:186,0
DA:187,0
DA:189,0
DA:191,0
DA:198,2
DA:202,4
DA:204,2
DA:205,2
DA:206,2
DA:207,4
DA:208,2
DA:210,4
DA:211,2
DA:212,2
DA:213,6
DA:216,7
DA:218,7
DA:219,7
DA:221,2
DA:222,1
DA:223,2
DA:224,1
DA:225,1
DA:226,1
DA:227,1
DA:229,4
DA:231,4
DA:232,4
DA:233,4
DA:236,2
DA:237,8
DA:239,2
DA:240,6
DA:242,6
DA:244,2
DA:245,4
DA:248,2
DA:249,2
DA:256,2
DA:261,2
DA:263,1
DA:264,2
DA:265,1
DA:266,1
DA:267,2
DA:271,2
DA:275,2
DA:276,4
DA:279,2
DA:285,2
DA:292,2
DA:296,2
DA:297,2
DA:300,0
DA:301,0
DA:302,0
DA:307,2
DA:313,6
DA:314,2
DA:315,2
DA:317,0
DA:320,0
DA:321,0
DA:323,0
DA:326,2
DA:333,2
DA:334,1
DA:335,1
DA:336,1
DA:339,2
DA:340,1
DA:341,1
DA:342,1
DA:345,2
DA:346,1
DA:347,1
DA:348,1
DA:357,1
DA:369,0
DA:372,1
DA:373,1
DA:375,1
DA:378,1
DA:390,0
DA:393,1
DA:394,1
DA:396,1
DA:399,0
DA:404,0
DA:405,0
DA:406,0
DA:407,0
DA:408,0
DA:410,0
DA:413,0
DA:414,0
DA:416,0
DA:419,1
DA:420,2
DA:427,2
DA:429,2
DA:430,2
DA:431,2
DA:432,2
DA:433,2
DA:434,2
DA:435,2
DA:436,2
DA:437,2
DA:438,2
DA:439,2
DA:440,2
DA:441,2
DA:442,2
DA:443,2
DA:444,2
DA:445,2
DA:446,2
DA:447,2
DA:448,2
DA:449,2
DA:450,2
DA:451,2
DA:452,2
DA:453,2
DA:454,2
DA:455,2
DA:456,2
DA:457,2
DA:458,2
DA:459,2
DA:460,2
DA:461,2
DA:462,2
DA:463,2
DA:464,2
DA:465,2
DA:466,2
DA:467,2
DA:468,2
DA:469,2
DA:470,2
DA:471,2
DA:472,2
DA:473,2
DA:474,2
DA:475,2
DA:476,2
DA:477,2
DA:478,2
DA:479,2
DA:480,2
DA:481,2
DA:482,2
DA:483,2
DA:484,2
DA:485,2
DA:486,2
DA:487,2
DA:488,2
DA:489,2
DA:490,2
DA:491,2
DA:492,2
DA:493,2
DA:494,2
DA:495,2
DA:496,2
LF:188
LH:157
end_of_record
SF:lib\models\lower_level_place.dart
DA:4,1
LF:1
LH:1
end_of_record
SF:lib\models\map_boundary.dart
DA:5,4
DA:6,4
DA:7,4
DA:12,3
DA:13,6
DA:14,6
DA:19,4
DA:22,4
DA:23,4
DA:29,3
DA:30,6
DA:34,4
DA:35,1
DA:45,4
DA:51,4
DA:53,8
DA:54,4
DA:64,3
DA:65,6
DA:69,6
DA:70,3
DA:78,4
DA:80,4
DA:82,2
DA:83,2
DA:84,2
DA:87,2
DA:88,4
DA:90,2
DA:91,2
DA:92,2
DA:95,2
DA:101,3
DA:102,3
DA:105,3
DA:106,9
DA:107,9
DA:108,9
DA:109,9
DA:112,4
DA:113,4
DA:114,8
DA:116,12
DA:117,12
DA:119,4
DA:122,4
DA:123,4
DA:127,4
DA:128,12
DA:129,2
DA:132,4
DA:133,4
DA:134,4
DA:136,6
DA:137,2
DA:138,2
DA:147,4
DA:148,4
DA:149,20
DA:150,16
DA:153,4
DA:154,8
DA:162,12
DA:163,4
DA:164,16
DA:166,28
DA:168,4
DA:169,20
DA:170,20
DA:173,4
DA:174,8
DA:178,8
DA:179,8
DA:180,8
DA:184,4
DA:187,1
DA:188,1
DA:189,4
DA:190,4
DA:194,3
DA:196,3
DA:197,3
DA:199,15
DA:200,6
DA:201,6
DA:202,6
DA:203,6
DA:206,30
LF:88
LH:88
end_of_record
SF:lib\models\map_scope.dart
DA:14,3
DA:19,3
DA:20,6
DA:22,2
DA:23,2
DA:30,3
DA:34,3
DA:37,3
DA:38,6
DA:50,4
DA:54,3
DA:63,2
DA:64,2
DA:66,2
DA:73,3
DA:79,3
DA:82,3
DA:83,3
DA:84,3
DA:88,0
DA:89,0
DA:91,0
DA:106,3
DA:107,6
DA:109,1
DA:118,1
DA:119,1
DA:120,1
DA:122,2
DA:124,2
DA:125,2
DA:126,0
LF:32
LH:28
end_of_record
SF:lib\services\admin_boundary_source.dart
DA:16,2
DA:21,0
DA:25,0
DA:26,0
DA:27,0
DA:31,0
DA:32,0
DA:35,1
DA:36,1
DA:39,0
DA:40,0
DA:43,1
DA:45,1
DA:46,1
DA:48,1
DA:49,1
DA:58,0
DA:64,1
DA:65,1
DA:67,3
DA:69,1
DA:71,2
DA:72,2
DA:76,0
DA:77,0
DA:79,0
DA:81,0
DA:83,0
DA:84,0
DA:88,1
DA:90,1
DA:92,3
DA:94,1
DA:96,2
DA:97,2
DA:100,1
DA:101,1
DA:102,1
DA:109,1
DA:110,1
DA:111,2
DA:112,2
DA:113,2
DA:114,1
DA:115,2
DA:116,2
DA:118,2
DA:119,2
DA:120,2
DA:131,1
DA:132,1
DA:133,1
DA:135,1
DA:136,1
DA:137,1
DA:141,0
DA:142,0
DA:143,0
DA:145,0
DA:146,0
DA:147,0
DA:151,0
DA:152,0
DA:153,0
DA:154,0
DA:156,0
DA:157,0
DA:158,0
DA:159,0
DA:160,0
DA:161,0
DA:162,0
DA:163,0
DA:164,0
DA:165,0
DA:170,1
DA:171,1
DA:172,1
DA:173,2
DA:174,2
DA:175,2
DA:176,2
DA:178,1
DA:183,1
DA:187,1
DA:188,2
DA:189,1
DA:191,1
DA:192,1
DA:195,1
DA:196,1
DA:197,1
DA:198,1
DA:205,1
DA:206,1
DA:207,2
DA:208,6
DA:210,1
DA:214,1
DA:215,2
DA:216,1
DA:218,2
DA:220,0
DA:224,1
DA:225,1
DA:226,1
DA:227,1
DA:228,1
DA:233,1
DA:237,2
DA:241,2
DA:242,1
DA:243,1
DA:247,0
DA:248,0
DA:257,0
DA:258,0
DA:259,0
DA:260,0
DA:264,1
DA:270,1
DA:271,1
DA:272,1
DA:273,1
DA:274,1
DA:279,1
DA:280,2
DA:281,2
DA:283,1
LF:129
LH:87
end_of_record
SF:lib\firebase\analytics_service.dart
DA:7,0
DA:8,0
DA:14,0
DA:15,0
DA:18,0
DA:19,0
DA:25,0
DA:29,0
DA:31,0
DA:41,0
DA:42,0
DA:49,0
DA:53,0
DA:55,0
DA:65,0
DA:66,0
DA:68,0
DA:73,0
DA:77,0
DA:79,0
DA:88,0
DA:89,0
DA:96,0
DA:98,0
DA:100,0
LF:25
LH:0
end_of_record
SF:lib\firebase\fcm_admin_service.dart
DA:9,0
DA:10,0
DA:53,0
DA:54,0
DA:55,0
DA:56,0
DA:57,0
DA:58,0
DA:61,0
DA:62,0
DA:63,0
DA:65,0
DA:74,0
DA:76,0
DA:77,0
DA:78,0
DA:79,0
DA:85,0
DA:86,0
DA:89,0
DA:90,0
DA:91,0
DA:92,0
DA:94,0
DA:98,0
DA:105,0
DA:106,0
DA:110,0
DA:111,0
DA:112,0
DA:113,0
DA:114,0
DA:118,0
DA:120,0
DA:122,0
DA:124,0
DA:127,0
DA:128,0
DA:130,0
DA:133,0
LF:40
LH:0
end_of_record
SF:lib\firebase\firebase_options.dart
DA:19,0
DA:23,0
DA:24,0
DA:26,0
DA:28,0
DA:30,0
DA:32,0
DA:33,0
DA:38,0
DA:79,0
DA:81,0
DA:82,0
DA:85,0
DA:87,0
DA:88,0
LF:15
LH:0
end_of_record
SF:lib\firebase\firestore_repository.dart
DA:16,0
DA:18,0
DA:24,0
DA:25,0
DA:26,0
DA:27,0
DA:31,0
DA:32,0
DA:33,0
DA:34,0
DA:35,0
DA:36,0
DA:37,0
DA:39,0
DA:40,0
DA:45,0
DA:46,0
DA:47,0
DA:48,0
DA:52,0
DA:53,0
DA:54,0
DA:55,0
DA:56,0
DA:57,0
DA:58,0
DA:60,0
DA:61,0
DA:66,0
DA:67,0
DA:69,0
DA:76,0
DA:77,0
DA:79,0
LF:34
LH:0
end_of_record
SF:lib\models\commune.dart
DA:4,0
DA:5,0
DA:6,0
DA:7,0
LF:4
LH:0
end_of_record
SF:lib\models\province.dart
DA:4,0
DA:33,0
DA:34,0
DA:35,0
DA:36,0
DA:37,0
DA:38,0
DA:39,0
DA:40,0
DA:41,0
DA:42,0
DA:43,0
DA:44,0
DA:45,0
DA:46,0
DA:47,0
DA:48,0
DA:49,0
DA:50,0
DA:51,0
DA:52,0
DA:53,0
DA:54,0
DA:55,0
DA:56,0
DA:57,0
DA:58,0
DA:59,0
DA:60,0
LF:29
LH:0
end_of_record
SF:lib\firebase\notification_repository.dart
DA:5,0
DA:6,0
DA:10,0
DA:16,0
DA:17,0
DA:18,0
DA:23,0
DA:24,0
DA:25,0
DA:31,0
DA:35,0
DA:43,0
DA:47,0
DA:55,0
DA:59,0
DA:67,0
DA:74,0
DA:75,0
DA:76,0
DA:81,0
DA:82,0
DA:83,0
DA:90,0
DA:95,0
DA:104,0
DA:109,0
DA:118,0
DA:123,0
DA:132,0
DA:137,0
DA:146,0
DA:154,0
DA:155,0
DA:156,0
DA:157,0
DA:158,0
DA:159,0
DA:160,0
DA:161,0
DA:165,0
DA:169,0
DA:170,0
DA:171,0
DA:172,0
DA:177,0
DA:178,0
DA:179,0
DA:180,0
DA:181,0
DA:182,0
DA:183,0
DA:184,0
DA:185,0
DA:188,0
DA:189,0
DA:190,0
DA:194,0
DA:195,0
DA:196,0
DA:197,0
DA:198,0
DA:201,0
LF:62
LH:0
end_of_record
SF:lib\models\administrative_unit.dart
DA:6,0
DA:36,0
DA:37,0
DA:38,0
DA:39,0
DA:40,0
DA:41,0
DA:42,0
DA:43,0
DA:44,0
DA:45,0
DA:46,0
DA:47,0
DA:48,0
DA:49,0
DA:50,0
DA:51,0
DA:52,0
DA:53,0
DA:54,0
DA:55,0
DA:56,0
DA:57,0
DA:58,0
DA:59,0
DA:60,0
DA:61,0
DA:62,0
DA:63,0
DA:64,0
LF:30
LH:0
end_of_record
SF:lib\models\model_helpers.dart
DA:1,0
DA:2,0
DA:3,0
DA:4,0
DA:5,0
DA:6,0
DA:7,0
LF:7
LH:0
end_of_record
SF:lib\models\campaign.dart
DA:12,0
DA:22,0
DA:23,0
DA:25,0
DA:26,0
DA:27,0
DA:28,0
DA:29,0
DA:30,0
DA:34,0
DA:35,0
DA:36,0
DA:37,0
DA:38,0
DA:39,0
DA:40,0
DA:44,0
DA:53,0
DA:54,0
DA:55,0
DA:56,0
DA:57,0
DA:58,0
DA:59,0
DA:60,0
LF:25
LH:0
end_of_record
SF:lib\models\checkin.dart
DA:14,0
DA:26,0
DA:27,0
DA:29,0
DA:30,0
DA:31,0
DA:32,0
DA:33,0
DA:34,0
DA:35,0
DA:36,0
DA:40,0
DA:41,0
DA:42,0
DA:43,0
DA:44,0
DA:45,0
DA:46,0
DA:47,0
DA:48,0
DA:49,0
LF:21
LH:0
end_of_record
SF:lib\models\event.dart
DA:17,0
DA:32,0
DA:33,0
DA:35,0
DA:36,0
DA:37,0
DA:38,0
DA:39,0
DA:40,0
DA:41,0
DA:42,0
DA:43,0
DA:44,0
DA:45,0
DA:49,0
DA:50,0
DA:51,0
DA:52,0
DA:53,0
DA:54,0
DA:55,0
DA:56,0
DA:57,0
DA:58,0
DA:59,0
DA:60,0
DA:64,0
DA:78,0
DA:79,0
DA:80,0
DA:81,0
DA:82,0
DA:83,0
DA:84,0
DA:85,0
DA:86,0
DA:87,0
DA:88,0
DA:89,0
DA:90,0
LF:40
LH:0
end_of_record
SF:lib\models\event_interaction.dart
DA:4,0
DA:22,0
DA:23,0
DA:25,0
DA:26,0
DA:27,0
DA:28,0
DA:29,0
DA:30,0
DA:34,0
DA:35,0
DA:36,0
DA:37,0
DA:38,0
DA:39,0
DA:40,0
LF:16
LH:0
end_of_record
SF:lib\models\interaction.dart
DA:13,0
DA:24,0
DA:25,0
DA:27,0
DA:28,0
DA:29,0
DA:30,0
DA:31,0
DA:32,0
DA:33,0
LF:10
LH:0
end_of_record
SF:lib\models\school.dart
DA:12,0
DA:24,0
DA:25,0
DA:27,0
DA:28,0
DA:29,0
DA:30,0
DA:31,0
DA:32,0
DA:33,0
DA:34,0
LF:11
LH:0
end_of_record
SF:lib\utils\map_constants.dart
DA:7,0
DA:35,3
LF:2
LH:1
end_of_record
SF:lib\utils\map_startup_trace.dart
DA:6,0
DA:8,2
DA:10,0
DA:11,0
DA:15,0
DA:16,0
DA:19,2
DA:24,2
DA:25,0
DA:28,4
DA:29,2
DA:31,2
DA:33,2
DA:34,2
DA:36,2
DA:37,2
DA:38,2
DA:39,1
DA:40,1
DA:42,2
DA:43,3
DA:48,1
DA:53,1
DA:54,0
DA:57,2
DA:58,1
DA:59,1
DA:61,1
DA:63,1
DA:64,2
DA:65,1
DA:66,2
DA:68,3
DA:72,1
DA:74,3
LF:35
LH:28
end_of_record
SF:lib\models\island_label_override.dart
DA:4,2
DA:22,0
DA:23,0
LF:3
LH:1
end_of_record
SF:lib\services\auth_service.dart
DA:40,1
DA:54,3
DA:61,1
DA:62,3
DA:68,1
DA:69,4
DA:72,0
DA:75,0
DA:77,0
DA:78,0
DA:80,0
DA:82,0
DA:84,0
DA:85,0
DA:86,0
DA:87,0
DA:89,0
DA:90,0
DA:93,0
DA:94,0
DA:95,0
DA:96,0
DA:97,0
DA:99,0
DA:100,0
DA:103,0
DA:104,0
DA:105,0
DA:106,0
DA:110,0
DA:111,0
DA:112,0
DA:113,0
DA:114,0
DA:115,0
DA:124,0
DA:125,0
DA:126,0
DA:127,0
DA:128,0
DA:133,0
DA:134,0
DA:135,0
DA:138,0
DA:140,0
DA:142,0
DA:143,0
DA:144,0
DA:147,0
DA:148,0
DA:152,0
DA:158,0
DA:159,0
DA:160,0
DA:166,0
DA:167,0
DA:172,0
DA:173,0
DA:174,0
DA:237,0
DA:240,0
DA:241,0
DA:242,0
DA:243,0
DA:247,0
DA:251,0
DA:255,0
DA:256,0
DA:257,0
DA:258,0
DA:266,0
DA:267,0
DA:270,0
DA:272,0
DA:273,0
DA:274,0
DA:276,0
DA:277,0
DA:280,0
DA:281,0
DA:282,0
DA:285,0
DA:289,0
DA:294,0
DA:295,0
DA:298,0
DA:299,0
DA:300,0
DA:301,0
DA:302,0
DA:304,0
DA:305,0
DA:308,0
DA:309,0
DA:310,0
DA:311,0
DA:316,0
DA:321,0
DA:323,0
DA:324,0
DA:327,0
DA:328,0
DA:332,0
DA:335,0
DA:336,0
DA:339,0
DA:342,0
DA:343,0
DA:344,0
DA:346,0
DA:349,0
DA:350,0
DA:351,0
DA:355,0
DA:356,0
DA:360,0
DA:361,0
DA:363,0
DA:365,0
DA:368,0
DA:369,0
DA:372,0
DA:373,0
DA:374,0
DA:375,0
DA:377,0
DA:379,0
DA:383,0
DA:384,0
DA:392,0
DA:403,0
DA:404,0
DA:407,0
DA:409,0
DA:411,0
DA:415,0
DA:417,0
DA:418,0
DA:419,0
DA:420,0
DA:421,0
DA:425,0
DA:427,0
DA:430,0
DA:432,0
DA:435,0
DA:437,0
DA:440,0
DA:441,0
DA:445,0
DA:446,0
DA:447,0
DA:448,0
DA:451,0
DA:453,0
DA:455,0
DA:457,0
DA:459,0
DA:462,0
DA:463,0
DA:464,0
DA:467,0
DA:468,0
DA:469,0
DA:470,0
DA:472,0
DA:473,0
DA:474,0
DA:482,0
DA:484,0
DA:485,0
DA:488,0
DA:489,0
DA:490,0
DA:494,0
DA:496,0
DA:501,0
DA:503,0
DA:504,0
DA:505,0
DA:507,0
DA:508,0
DA:511,0
DA:512,0
DA:516,0
DA:517,0
DA:519,0
DA:520,0
DA:530,2
DA:539,0
DA:540,0
DA:542,0
DA:543,0
DA:544,0
DA:545,0
DA:546,0
DA:557,6
LF:197
LH:8
end_of_record
SF:lib\services\campaign_repository.dart
DA:12,0
DA:13,0
DA:17,0
DA:18,0
DA:19,0
DA:20,0
DA:21,0
DA:22,0
DA:23,0
DA:24,0
DA:27,0
DA:28,0
DA:29,0
DA:30,0
DA:31,0
DA:32,0
DA:33,0
DA:34,0
DA:37,0
DA:38,0
DA:39,0
DA:40,0
DA:41,0
DA:43,0
DA:44,0
DA:46,0
DA:48,0
DA:49,0
DA:50,0
DA:52,0
DA:53,0
DA:54,0
DA:55,0
DA:57,0
DA:58,0
DA:59,0
DA:60,0
DA:61,0
DA:64,0
DA:65,0
DA:66,0
DA:69,0
DA:70,0
DA:71,0
DA:72,0
DA:73,0
DA:74,0
DA:75,0
DA:76,0
DA:78,0
DA:81,0
DA:84,0
DA:87,0
DA:88,0
DA:89,0
DA:91,0
DA:92,0
DA:93,0
DA:94,0
DA:96,0
DA:97,0
DA:99,0
DA:105,0
DA:106,0
DA:107,0
DA:108,0
DA:109,0
DA:111,0
DA:112,0
DA:113,0
DA:114,0
DA:115,0
DA:120,0
DA:121,0
DA:122,0
DA:123,0
DA:124,0
DA:125,0
DA:126,0
DA:127,0
DA:128,0
DA:129,0
DA:130,0
DA:131,0
DA:132,0
DA:138,0
DA:139,0
DA:140,0
DA:141,0
DA:142,0
DA:144,0
DA:145,0
DA:147,0
DA:149,0
DA:150,0
DA:151,0
DA:153,0
DA:154,0
DA:155,0
DA:156,0
DA:157,0
DA:159,0
DA:160,0
DA:161,0
DA:162,0
DA:163,0
DA:164,0
DA:167,0
DA:168,0
DA:169,0
DA:170,0
DA:173,0
DA:176,0
DA:177,0
DA:180,0
DA:184,0
DA:186,0
DA:190,0
DA:197,0
DA:198,0
DA:199,0
DA:201,0
DA:202,0
DA:204,0
DA:206,0
DA:207,0
DA:208,0
DA:211,0
DA:212,0
DA:213,0
DA:214,0
DA:215,0
DA:217,0
DA:218,0
DA:219,0
DA:222,0
DA:223,0
DA:224,0
DA:227,0
DA:228,0
DA:229,0
DA:230,0
DA:231,0
DA:237,0
DA:238,0
DA:239,0
DA:240,0
DA:241,0
DA:242,0
DA:243,0
DA:244,0
DA:245,0
DA:246,0
DA:247,0
DA:248,0
DA:249,0
DA:255,0
DA:257,0
DA:258,0
DA:259,0
DA:260,0
DA:263,0
DA:264,0
DA:265,0
DA:266,0
DA:267,0
DA:268,0
DA:269,0
DA:270,0
DA:271,0
DA:273,0
DA:276,0
DA:277,0
DA:281,0
DA:284,0
DA:285,0
DA:287,0
DA:290,0
DA:291,0
DA:292,0
DA:293,0
DA:295,0
DA:296,0
DA:303,0
DA:304,0
DA:306,0
DA:309,0
DA:310,0
DA:312,0
DA:315,0
DA:316,0
DA:317,0
DA:318,0
DA:320,0
DA:321,0
DA:322,0
DA:329,0
DA:331,0
DA:333,0
DA:336,0
DA:337,0
DA:339,0
DA:342,0
DA:343,0
DA:344,0
DA:345,0
DA:347,0
DA:348,0
DA:349,0
DA:350,0
DA:351,0
DA:359,0
DA:360,0
DA:361,0
DA:362,0
DA:363,0
DA:364,0
DA:365,0
DA:366,0
DA:369,0
DA:370,0
DA:371,0
DA:372,0
DA:373,0
DA:374,0
DA:375,0
DA:376,0
DA:379,0
DA:380,0
DA:381,0
DA:383,0
DA:386,0
DA:387,0
DA:391,0
DA:392,0
DA:393,0
DA:394,0
DA:396,0
DA:397,0
DA:402,0
DA:403,0
DA:404,0
DA:408,0
DA:410,0
DA:412,0
DA:417,0
DA:418,0
DA:424,0
DA:425,0
DA:427,0
DA:430,0
DA:431,0
DA:432,0
DA:433,0
DA:435,0
DA:440,0
DA:441,0
DA:442,0
DA:443,0
DA:444,0
DA:449,0
DA:451,0
DA:452,0
DA:454,0
DA:456,0
DA:457,0
DA:458,0
DA:459,0
DA:460,0
DA:461,0
DA:469,0
DA:470,0
DA:471,0
DA:472,0
DA:473,0
DA:474,0
DA:478,0
DA:479,0
DA:480,0
DA:481,0
DA:482,0
DA:483,0
DA:484,0
DA:485,0
DA:486,0
DA:487,0
LF:286
LH:0
end_of_record
SF:lib\services\location_repository.dart
DA:14,2
DA:16,0
DA:18,0
DA:20,0
DA:25,0
DA:30,0
DA:38,0
DA:39,0
DA:40,0
DA:43,0
DA:50,0
DA:57,0
DA:58,0
DA:59,0
DA:65,0
DA:67,0
DA:68,0
DA:70,0
DA:72,0
LF:19
LH:1
end_of_record
SF:lib\models\current_location_state.dart
DA:13,3
DA:21,2
DA:34,1
DA:35,3
DA:36,3
DA:37,4
DA:39,1
DA:46,1
DA:47,0
DA:48,0
DA:49,0
DA:50,0
DA:51,0
LF:13
LH:8
end_of_record
SF:lib\utils\env_loader_io.dart
DA:3,0
DA:5,0
DA:6,0
DA:7,0
DA:8,0
DA:9,0
DA:10,0
DA:11,0
DA:12,0
DA:13,0
DA:14,0
DA:15,0
DA:16,0
DA:17,0
LF:14
LH:0
end_of_record
SF:lib\viewmodels\vietnam_map_controller.dart
DA:65,1
DA:140,0
DA:141,0
DA:142,0
DA:143,0
DA:144,0
DA:145,0
DA:146,0
DA:147,0
DA:148,0
DA:149,3
DA:150,0
DA:151,0
DA:152,0
DA:153,0
DA:154,0
DA:155,0
DA:156,0
DA:157,0
DA:158,0
DA:159,0
DA:160,0
DA:161,0
DA:162,0
DA:163,0
DA:166,0
DA:167,0
DA:168,0
DA:169,0
DA:170,0
DA:171,0
DA:172,0
DA:173,0
DA:174,0
DA:175,0
DA:176,0
DA:178,0
DA:179,0
DA:180,0
DA:181,0
DA:182,0
DA:183,0
DA:184,0
DA:186,0
DA:187,0
DA:188,0
DA:190,0
DA:192,0
DA:195,0
DA:196,0
DA:197,0
DA:198,0
DA:200,0
DA:202,0
DA:204,0
DA:205,0
DA:209,0
DA:210,0
DA:211,0
DA:212,0
DA:213,0
DA:214,0
DA:215,0
DA:216,0
DA:217,0
DA:218,0
DA:219,0
DA:220,0
DA:221,0
DA:222,0
DA:223,0
DA:227,0
DA:228,0
DA:231,0
DA:232,0
DA:236,0
DA:240,0
DA:241,0
DA:245,0
DA:246,0
DA:247,0
DA:250,0
DA:251,0
DA:252,0
DA:253,0
DA:255,0
DA:256,0
DA:258,0
DA:259,0
DA:261,0
DA:262,0
DA:264,0
DA:267,0
DA:268,0
DA:269,0
DA:270,0
DA:271,0
DA:273,0
DA:274,0
DA:275,0
DA:276,0
DA:277,0
DA:286,0
DA:287,0
DA:289,0
DA:290,0
DA:291,0
DA:292,0
DA:293,0
DA:294,0
DA:295,0
DA:298,0
DA:299,0
DA:300,0
DA:301,0
DA:303,0
DA:304,0
DA:305,0
DA:309,0
DA:310,0
DA:312,0
DA:313,0
DA:314,0
DA:318,0
DA:320,0
DA:321,0
DA:325,0
DA:326,0
DA:327,0
DA:330,0
DA:332,0
DA:335,0
DA:338,0
DA:339,0
DA:340,0
DA:341,0
DA:343,0
DA:344,0
DA:345,0
DA:347,0
DA:348,0
DA:349,0
DA:350,0
DA:351,0
DA:354,0
DA:357,0
DA:358,0
DA:359,0
DA:360,0
DA:364,0
DA:366,0
DA:367,0
DA:369,0
DA:373,0
DA:374,0
DA:375,0
DA:376,0
DA:377,0
DA:378,0
DA:382,0
DA:383,0
DA:384,0
DA:386,0
DA:388,0
DA:391,0
DA:396,0
DA:397,0
DA:400,0
DA:401,0
DA:402,0
DA:405,0
DA:407,0
DA:409,0
DA:410,0
DA:419,0
DA:420,0
DA:422,0
DA:423,0
DA:424,0
DA:425,0
DA:427,0
DA:429,0
DA:430,0
DA:432,0
DA:433,0
DA:437,0
DA:438,0
DA:439,0
DA:440,0
DA:443,0
DA:444,0
DA:445,0
DA:446,0
DA:447,0
DA:448,0
DA:449,0
DA:450,0
DA:451,0
DA:452,0
DA:453,0
DA:454,0
DA:455,0
DA:456,0
DA:460,1
DA:461,3
DA:463,1
DA:464,1
DA:467,1
DA:472,1
DA:474,2
DA:475,1
DA:476,2
DA:477,2
DA:478,1
DA:479,1
DA:481,1
DA:482,2
DA:483,2
DA:484,1
DA:485,2
DA:486,2
DA:489,1
DA:490,3
DA:491,3
DA:494,1
DA:498,0
DA:499,0
DA:502,1
DA:505,2
DA:507,1
DA:508,1
DA:510,1
DA:511,1
DA:513,1
DA:514,1
DA:522,1
DA:523,1
DA:526,1
DA:527,1
DA:531,3
DA:535,2
DA:538,0
DA:539,0
DA:540,0
DA:541,0
DA:545,0
DA:546,0
DA:551,0
DA:552,0
DA:553,0
DA:557,0
DA:558,0
DA:560,0
DA:561,0
DA:562,0
DA:565,1
DA:567,1
DA:569,1
DA:571,1
DA:572,3
DA:575,1
DA:578,0
DA:579,0
DA:580,0
DA:581,0
DA:584,0
DA:585,0
DA:589,0
DA:590,0
DA:591,0
DA:595,0
DA:596,0
DA:597,0
DA:598,0
DA:599,0
DA:601,0
DA:602,0
DA:603,0
DA:604,0
DA:605,0
DA:607,0
DA:608,0
DA:609,0
DA:614,0
DA:615,0
DA:616,0
DA:620,0
DA:621,0
DA:622,0
DA:624,0
DA:626,0
DA:628,0
DA:631,0
DA:632,0
DA:633,0
DA:636,0
DA:638,0
DA:639,0
DA:642,0
DA:643,0
DA:646,0
DA:647,0
DA:649,0
DA:650,0
DA:652,0
DA:654,0
DA:655,0
DA:656,0
DA:659,0
DA:661,0
DA:662,0
DA:664,0
DA:665,0
DA:666,0
DA:667,0
DA:668,0
DA:669,0
DA:670,0
DA:674,0
DA:675,0
DA:676,0
DA:677,0
DA:678,0
DA:679,0
DA:680,0
DA:683,0
DA:684,0
DA:687,0
DA:688,0
DA:690,0
DA:693,0
DA:695,0
DA:699,0
DA:700,0
DA:701,0
DA:702,0
DA:703,0
DA:707,0
DA:708,0
DA:709,0
DA:713,0
DA:714,0
DA:715,0
DA:716,0
DA:720,0
DA:721,0
DA:722,0
DA:725,0
DA:727,0
DA:729,0
DA:732,0
DA:733,0
DA:734,0
DA:736,0
DA:737,0
DA:738,0
DA:740,0
DA:741,0
DA:742,0
DA:747,0
DA:748,0
DA:752,0
DA:753,0
DA:754,0
DA:756,0
DA:757,0
DA:758,0
DA:762,0
DA:765,0
DA:766,0
DA:768,0
DA:769,0
DA:770,0
DA:771,0
DA:773,0
DA:776,0
DA:779,0
DA:780,0
DA:783,0
DA:784,0
DA:788,0
DA:793,0
DA:797,0
DA:798,0
DA:799,0
DA:802,0
DA:803,0
DA:804,0
DA:807,0
DA:808,0
DA:811,0
DA:812,0
DA:816,0
DA:820,0
DA:822,0
DA:823,0
DA:826,0
DA:828,0
DA:830,0
DA:831,0
DA:833,0
DA:837,0
DA:838,0
DA:839,0
DA:840,0
DA:841,0
DA:847,0
DA:848,0
DA:849,0
DA:851,0
DA:855,0
DA:856,0
DA:859,0
DA:862,1
DA:865,3
DA:869,1
DA:870,1
DA:873,0
DA:874,0
DA:878,0
DA:879,0
DA:882,0
DA:883,0
DA:885,0
DA:890,0
DA:891,0
DA:894,0
DA:895,0
DA:899,0
DA:900,0
DA:903,0
DA:904,0
DA:905,0
DA:907,0
DA:909,0
DA:910,0
DA:913,0
DA:914,0
DA:915,0
DA:919,0
DA:921,0
DA:925,1
DA:926,1
DA:927,1
DA:931,1
DA:932,3
DA:933,1
DA:937,1
DA:938,1
DA:939,1
DA:941,1
DA:946,1
DA:947,3
DA:951,2
DA:952,0
DA:954,0
DA:958,2
DA:959,0
DA:963,1
DA:965,2
DA:967,2
DA:968,1
DA:970,4
DA:973,1
DA:976,0
DA:977,0
DA:981,0
DA:983,0
DA:985,0
DA:986,0
DA:988,0
DA:991,0
DA:993,0
DA:994,0
DA:995,0
DA:996,0
DA:997,0
DA:998,0
DA:999,0
DA:1004,0
DA:1006,0
DA:1007,0
DA:1009,0
DA:1010,0
DA:1012,0
DA:1013,0
DA:1014,0
DA:1015,0
DA:1016,0
DA:1017,0
DA:1020,0
DA:1023,0
DA:1027,0
DA:1028,0
DA:1029,0
DA:1032,0
DA:1034,0
DA:1036,0
DA:1038,0
DA:1040,0
DA:1041,0
DA:1045,0
DA:1046,0
DA:1047,0
DA:1048,0
DA:1049,0
DA:1051,0
DA:1052,0
DA:1056,0
DA:1059,0
DA:1061,0
DA:1063,0
DA:1065,0
DA:1067,0
DA:1069,0
DA:1070,0
DA:1074,0
DA:1075,0
DA:1076,0
DA:1077,0
DA:1078,0
DA:1079,0
DA:1080,0
DA:1081,0
DA:1084,0
DA:1085,0
DA:1086,0
DA:1087,0
DA:1090,0
DA:1091,0
DA:1092,0
DA:1093,0
DA:1096,0
DA:1097,0
DA:1098,0
DA:1099,0
DA:1100,0
DA:1101,0
DA:1104,0
DA:1105,0
DA:1109,0
DA:1114,0
DA:1115,0
DA:1119,0
DA:1121,0
DA:1123,0
DA:1124,0
DA:1126,0
DA:1129,0
DA:1133,0
DA:1134,0
DA:1137,0
DA:1140,0
DA:1141,0
DA:1142,0
DA:1143,0
DA:1144,0
DA:1145,0
DA:1146,0
DA:1150,0
DA:1153,0
DA:1156,0
DA:1158,0
DA:1159,0
DA:1160,0
DA:1163,0
DA:1164,0
DA:1166,0
DA:1167,0
DA:1168,0
DA:1171,0
DA:1175,0
DA:1179,0
DA:1181,0
DA:1182,0
DA:1183,0
DA:1184,0
DA:1187,0
DA:1189,0
DA:1190,0
DA:1191,0
DA:1192,0
DA:1193,0
DA:1194,0
DA:1195,0
DA:1196,0
DA:1198,0
DA:1200,0
DA:1202,0
DA:1203,0
DA:1204,0
DA:1205,0
DA:1207,0
DA:1209,0
DA:1212,0
DA:1218,1
DA:1219,1
DA:1220,1
DA:1223,0
DA:1224,0
DA:1225,0
DA:1228,0
DA:1229,0
DA:1232,0
DA:1233,0
DA:1236,0
DA:1238,0
DA:1239,0
DA:1240,0
DA:1241,0
DA:1244,0
DA:1248,1
DA:1250,1
DA:1251,1
DA:1252,1
DA:1253,1
DA:1254,2
DA:1255,2
DA:1256,1
LF:619
LH:79
end_of_record
SF:lib\services\map_tile_source.dart
DA:5,0
LF:1
LH:0
end_of_record
SF:lib\models\map_tile_source.dart
DA:10,2
DA:26,1
DA:27,2
DA:28,2
DA:29,3
LF:5
LH:5
end_of_record
SF:lib\models\map_view_state.dart
DA:15,3
DA:25,2
DA:43,2
DA:44,3
DA:45,4
DA:46,3
DA:48,1
DA:49,1
DA:50,1
DA:51,5
DA:52,5
DA:56,1
DA:57,1
DA:60,1
DA:66,1
DA:76,1
DA:77,1
DA:83,1
DA:91,1
DA:92,1
DA:93,4
DA:94,1
DA:95,1
DA:96,1
DA:97,1
DA:98,1
LF:26
LH:26
end_of_record
SF:lib\models\province_hover_state.dart
DA:13,4
DA:22,2
DA:26,2
DA:31,2
DA:34,2
DA:40,1
DA:41,1
DA:44,1
DA:55,1
DA:56,3
DA:57,6
DA:59,2
DA:60,6
DA:61,3
DA:62,3
DA:67,0
DA:69,2
DA:74,2
DA:75,1
DA:82,4
DA:83,2
DA:84,2
DA:85,2
DA:86,1
DA:88,1
DA:98,4
DA:99,2
DA:100,2
DA:101,2
DA:102,1
DA:104,1
DA:112,4
DA:113,4
DA:117,2
DA:118,2
DA:126,1
DA:129,1
DA:133,2
DA:134,2
LF:39
LH:38
end_of_record
SF:lib\viewmodels\auth_controller.dart
DA:10,4
DA:11,1
DA:12,4
DA:21,6
DA:22,4
DA:23,8
DA:24,12
DA:28,4
DA:29,16
DA:31,4
DA:32,4
DA:33,4
DA:38,2
DA:39,2
DA:42,6
DA:43,2
DA:44,2
DA:45,1
DA:46,1
DA:47,1
DA:48,3
DA:50,0
DA:51,0
DA:52,0
DA:54,2
DA:75,2
DA:79,2
DA:80,2
DA:81,2
DA:84,4
DA:86,5
DA:91,2
DA:93,1
DA:94,1
DA:95,2
DA:96,4
DA:97,6
DA:98,6
DA:99,4
DA:101,2
DA:102,6
DA:105,2
DA:108,1
DA:109,1
DA:110,1
DA:111,1
DA:114,3
DA:115,1
DA:116,1
DA:117,0
DA:118,0
DA:119,0
DA:120,0
DA:123,1
DA:126,2
DA:127,2
DA:128,2
DA:129,2
DA:132,5
DA:133,1
DA:134,1
DA:135,2
DA:136,2
DA:137,6
DA:140,2
DA:143,1
DA:144,2
DA:149,2
DA:151,2
DA:152,4
DA:154,2
DA:155,2
DA:158,2
DA:159,2
DA:160,2
DA:163,2
DA:166,1
DA:169,1
DA:172,1
DA:175,1
DA:176,1
DA:177,1
LF:82
LH:75
end_of_record
SF:lib\screens\admin_shell.dart
DA:13,0
DA:15,0
DA:16,0
DA:17,0
DA:19,0
DA:25,0
DA:30,0
DA:31,0
DA:38,0
DA:40,0
DA:41,0
DA:44,0
DA:45,0
DA:48,0
DA:50,0
DA:52,0
DA:56,0
DA:58,0
DA:61,0
DA:62,0
DA:63,0
DA:70,0
DA:72,0
DA:73,0
DA:74,0
DA:76,0
DA:78,0
DA:79,0
DA:86,0
DA:89,0
DA:90,0
DA:93,0
DA:96,0
DA:97,0
DA:102,0
DA:103,0
DA:106,0
DA:107,0
DA:108,0
DA:109,0
DA:110,0
DA:112,0
DA:113,0
DA:114,0
DA:115,0
DA:116,0
DA:123,0
DA:146,0
DA:147,0
DA:148,0
DA:149,0
DA:150,0
DA:152,0
DA:153,0
DA:156,0
DA:158,0
DA:159,0
DA:161,0
DA:162,0
DA:163,0
DA:166,0
DA:168,0
DA:171,0
DA:176,0
DA:178,0
DA:181,0
DA:194,0
DA:195,0
DA:196,0
DA:197,0
DA:198,0
DA:199,0
DA:200,0
DA:217,0
DA:218,0
DA:219,0
DA:220,0
DA:221,0
DA:222,0
DA:231,0
DA:243,0
DA:244,0
DA:250,0
DA:252,0
DA:253,0
DA:254,0
DA:255,0
DA:258,0
DA:259,0
DA:260,0
DA:261,0
DA:263,0
DA:264,0
DA:265,0
DA:266,0
DA:270,0
DA:271,0
DA:272,0
DA:274,0
DA:275,0
DA:276,0
DA:277,0
DA:281,0
DA:283,0
DA:284,0
DA:286,0
DA:287,0
DA:288,0
DA:291,0
DA:305,0
DA:308,0
DA:309,0
DA:315,0
DA:317,0
DA:318,0
DA:319,0
DA:320,0
DA:322,0
DA:324,0
DA:325,0
DA:326,0
DA:328,0
LF:122
LH:0
end_of_record
SF:lib\screens\auth_gate.dart
DA:29,1
DA:41,2
DA:42,2
DA:49,2
DA:51,2
DA:52,4
DA:53,3
DA:54,1
DA:56,2
DA:57,1
DA:61,2
DA:63,4
DA:64,2
DA:67,2
DA:69,2
DA:70,2
DA:71,2
DA:72,4
DA:73,2
DA:76,2
DA:77,4
DA:79,1
DA:80,2
DA:81,1
DA:82,2
DA:84,3
DA:86,0
DA:90,2
DA:92,3
DA:94,0
DA:103,1
DA:105,2
LF:32
LH:30
end_of_record
SF:lib\screens\user_shell.dart
DA:13,0
DA:18,0
DA:19,0
DA:26,0
DA:28,0
DA:29,0
DA:32,0
DA:34,0
DA:36,0
DA:38,0
DA:40,0
DA:43,0
DA:44,0
DA:45,0
DA:52,0
DA:54,0
DA:55,0
DA:56,0
DA:58,0
DA:60,0
DA:61,0
DA:67,0
DA:70,0
DA:71,0
DA:74,0
DA:77,0
DA:78,0
DA:83,0
DA:84,0
DA:87,0
DA:88,0
DA:89,0
DA:90,0
DA:91,0
DA:93,0
DA:94,0
DA:95,0
DA:96,0
DA:97,0
DA:104,0
DA:127,0
DA:128,0
DA:129,0
DA:130,0
DA:131,0
DA:133,0
DA:134,0
DA:137,0
DA:139,0
DA:140,0
DA:142,0
DA:143,0
DA:144,0
DA:147,0
DA:149,0
DA:152,0
DA:157,0
DA:159,0
DA:162,0
DA:175,0
DA:176,0
DA:177,0
DA:178,0
DA:179,0
DA:180,0
DA:181,0
DA:198,0
DA:199,0
DA:200,0
DA:201,0
DA:202,0
DA:203,0
DA:212,0
DA:224,0
DA:225,0
DA:231,0
DA:233,0
DA:234,0
DA:235,0
DA:236,0
DA:239,0
DA:240,0
DA:241,0
DA:242,0
DA:244,0
DA:245,0
DA:246,0
DA:247,0
DA:251,0
DA:252,0
DA:253,0
DA:255,0
DA:256,0
DA:257,0
DA:258,0
DA:262,0
DA:264,0
DA:265,0
DA:267,0
DA:268,0
DA:269,0
DA:272,0
DA:286,0
DA:289,0
DA:290,0
DA:296,0
DA:298,0
DA:299,0
DA:300,0
DA:301,0
DA:303,0
DA:305,0
DA:306,0
DA:307,0
DA:309,0
LF:115
LH:0
end_of_record
SF:lib\screens\vietnam_map_screen.dart
DA:14,1
DA:19,0
DA:20,0
DA:37,0
DA:39,0
DA:40,0
DA:41,0
DA:42,0
DA:43,0
DA:44,0
DA:49,0
DA:50,0
DA:51,0
DA:52,0
DA:53,0
DA:54,0
DA:55,0
DA:56,0
DA:58,0
DA:61,0
DA:63,0
DA:64,0
DA:65,0
DA:66,0
DA:69,0
DA:70,0
DA:71,0
DA:72,0
DA:73,0
DA:78,0
DA:80,0
DA:81,0
DA:82,0
DA:84,0
DA:85,0
DA:86,0
DA:87,0
DA:88,0
DA:89,0
DA:90,0
DA:91,0
DA:92,0
DA:93,0
DA:94,0
DA:95,0
DA:102,0
DA:103,0
DA:104,0
DA:105,0
DA:106,0
DA:107,0
DA:108,0
DA:109,0
DA:110,0
DA:111,0
DA:120,0
DA:121,0
DA:122,0
DA:123,0
DA:124,0
DA:125,0
DA:129,0
DA:130,0
DA:132,0
DA:133,0
DA:134,0
DA:135,0
DA:136,0
DA:138,0
DA:139,0
DA:142,0
DA:143,0
DA:146,0
DA:149,0
DA:154,0
DA:155,0
DA:157,0
DA:158,0
DA:164,0
DA:165,0
DA:166,0
DA:168,0
DA:169,0
DA:170,0
DA:176,0
DA:178,0
DA:179,0
DA:180,0
DA:181,0
DA:182,0
DA:183,0
DA:184,0
DA:185,0
DA:187,0
DA:191,0
DA:192,0
DA:193,0
DA:194,0
DA:197,0
DA:198,0
DA:199,0
DA:202,0
DA:203,0
DA:204,0
DA:205,0
DA:206,0
DA:208,0
DA:209,0
DA:210,0
DA:211,0
DA:212,0
DA:213,0
DA:214,0
DA:216,0
DA:220,0
DA:221,0
DA:222,0
DA:223,0
DA:227,0
DA:231,0
DA:234,0
DA:235,0
DA:236,0
DA:242,0
DA:243,0
DA:254,0
DA:255,0
DA:256,0
DA:257,0
DA:259,0
DA:260,0
DA:263,0
DA:264,0
DA:267,0
DA:270,0
DA:275,0
DA:276,0
DA:278,0
DA:279,0
DA:285,0
DA:286,0
DA:287,0
DA:289,0
DA:290,0
DA:291,0
DA:297,0
DA:299,0
DA:300,0
DA:301,0
DA:302,0
DA:303,0
DA:304,0
DA:305,0
DA:306,0
DA:308,0
DA:312,0
DA:313,0
DA:314,0
DA:315,0
DA:318,0
DA:319,0
DA:320,0
DA:323,0
DA:324,0
DA:325,0
DA:326,0
DA:327,0
DA:329,0
DA:330,0
DA:331,0
DA:332,0
DA:333,0
DA:334,0
DA:335,0
DA:337,0
DA:341,0
DA:342,0
DA:343,0
DA:344,0
DA:348,0
DA:352,0
DA:355,0
DA:356,0
DA:357,0
DA:363,0
DA:364,0
DA:376,0
DA:377,0
DA:380,0
DA:381,0
DA:382,0
DA:385,0
DA:386,0
DA:387,0
DA:388,0
DA:389,0
DA:390,0
DA:391,0
DA:396,0
DA:399,0
DA:400,0
DA:401,0
DA:402,0
DA:403,0
DA:404,0
DA:406,0
DA:412,0
DA:415,0
DA:416,0
DA:417,0
DA:418,0
DA:419,0
DA:420,0
DA:423,0
DA:424,0
DA:426,0
DA:427,0
DA:428,0
DA:429,0
DA:430,0
DA:431,0
DA:432,0
DA:439,0
DA:440,0
DA:441,0
DA:453,0
DA:457,0
DA:459,0
DA:460,0
DA:461,0
DA:462,0
DA:463,0
DA:464,0
DA:465,0
DA:466,0
DA:467,0
DA:468,0
DA:469,0
DA:470,0
DA:471,0
DA:472,0
DA:473,0
DA:474,0
DA:489,0
DA:494,0
DA:496,0
DA:497,0
DA:500,0
DA:501,0
DA:502,0
DA:503,0
DA:505,0
DA:507,0
DA:509,0
DA:511,0
DA:512,0
DA:513,0
DA:514,0
DA:517,0
DA:519,0
DA:522,0
DA:524,0
DA:525,0
DA:526,0
DA:527,0
DA:530,0
DA:534,0
DA:536,0
DA:538,0
DA:540,0
DA:542,0
DA:556,0
DA:558,0
DA:559,0
DA:560,0
DA:561,0
DA:569,0
DA:571,0
DA:572,0
DA:573,0
DA:575,0
DA:580,0
DA:583,0
DA:596,0
DA:608,0
DA:610,0
DA:611,0
DA:612,0
DA:613,0
DA:614,0
DA:616,0
LF:291
LH:1
end_of_record
SF:lib\screens\user_management_screen.dart
DA:10,1
DA:21,1
DA:23,1
DA:27,1
DA:28,2
DA:42,1
DA:44,1
DA:45,3
DA:46,3
DA:47,1
DA:50,0
DA:52,0
DA:53,0
DA:54,0
DA:55,0
DA:56,0
DA:61,1
DA:63,2
DA:64,1
DA:67,1
DA:68,2
DA:69,1
DA:70,1
DA:73,4
DA:74,2
DA:75,1
DA:76,1
DA:79,2
DA:80,2
DA:81,1
DA:86,1
DA:87,2
DA:88,2
DA:90,2
DA:91,2
DA:92,2
DA:93,3
DA:94,4
DA:96,2
DA:97,6
DA:99,2
DA:100,4
DA:101,2
DA:102,4
DA:105,2
DA:107,1
DA:108,1
DA:109,5
DA:111,1
DA:112,0
DA:114,1
DA:115,0
DA:117,1
DA:118,5
DA:121,2
DA:127,1
DA:129,4
DA:130,1
DA:132,0
DA:136,1
DA:137,1
DA:138,1
DA:139,2
DA:141,1
DA:142,2
DA:143,1
DA:144,1
DA:145,3
DA:147,1
DA:148,1
DA:149,4
DA:150,3
DA:156,1
DA:159,3
DA:160,3
DA:161,1
DA:163,0
DA:167,1
DA:168,1
DA:169,1
DA:170,2
DA:172,1
DA:173,3
DA:174,1
DA:180,1
DA:181,1
DA:182,3
DA:183,1
DA:184,1
DA:186,0
DA:187,4
DA:192,1
DA:194,2
DA:195,1
DA:197,1
DA:199,1
DA:201,1
DA:203,1
DA:204,1
DA:205,1
DA:206,2
DA:208,1
DA:210,1
DA:211,1
DA:212,1
DA:213,1
DA:215,2
DA:217,1
DA:219,1
DA:220,1
DA:221,1
DA:223,1
DA:224,4
DA:225,1
DA:227,1
DA:232,1
DA:233,1
DA:235,2
DA:237,2
DA:245,1
DA:246,1
DA:248,1
DA:250,1
DA:252,1
DA:253,1
DA:254,1
DA:257,2
DA:258,1
DA:260,2
DA:261,1
DA:262,2
DA:263,3
DA:269,1
DA:270,1
DA:272,1
DA:274,4
DA:279,4
DA:280,0
DA:281,0
DA:282,0
DA:283,0
DA:284,0
DA:286,0
DA:292,0
DA:293,0
DA:298,0
DA:299,0
DA:300,0
DA:301,0
DA:302,0
DA:304,0
DA:310,0
DA:311,0
DA:315,1
DA:316,1
DA:320,1
DA:321,1
DA:322,1
DA:323,2
DA:324,1
DA:330,1
DA:331,4
DA:333,1
DA:334,1
DA:335,1
DA:336,2
DA:337,1
DA:343,1
DA:344,4
DA:349,1
DA:352,1
DA:353,1
DA:354,1
DA:355,1
DA:356,2
DA:358,1
DA:359,1
DA:360,1
DA:364,2
DA:375,1
DA:376,3
DA:380,1
DA:381,1
DA:382,1
DA:385,2
DA:386,1
DA:387,5
DA:399,2
DA:404,1
DA:409,3
DA:410,1
DA:411,1
DA:412,2
DA:413,3
DA:415,1
DA:418,1
DA:419,1
DA:422,1
DA:423,1
DA:424,1
DA:426,1
DA:427,1
DA:428,4
DA:430,2
DA:432,1
DA:433,1
DA:441,1
DA:442,1
DA:443,1
DA:445,1
DA:446,1
DA:448,2
DA:449,1
DA:450,1
DA:451,1
DA:453,1
DA:454,3
DA:457,1
DA:458,2
DA:459,1
DA:460,1
DA:461,1
DA:468,3
DA:470,5
DA:473,0
DA:475,0
DA:476,0
DA:477,0
DA:478,0
DA:479,0
DA:480,0
DA:481,0
DA:482,0
DA:483,0
DA:485,0
DA:486,0
DA:487,0
DA:489,0
DA:491,0
DA:493,0
DA:494,0
DA:495,0
DA:496,0
DA:497,0
DA:500,0
DA:502,0
DA:503,0
DA:505,0
DA:506,0
DA:507,0
DA:508,0
DA:509,0
DA:512,0
DA:513,0
DA:516,0
DA:518,0
DA:526,0
DA:527,0
DA:528,0
DA:529,0
DA:532,0
DA:533,0
DA:540,0
DA:542,0
DA:543,0
DA:544,0
DA:546,0
DA:553,0
DA:554,0
DA:555,0
DA:557,0
DA:561,0
DA:562,0
DA:563,0
DA:565,0
DA:569,0
DA:571,0
DA:572,0
DA:573,0
DA:574,0
DA:575,0
DA:576,0
DA:583,0
DA:584,0
DA:585,0
DA:586,0
DA:587,0
DA:594,0
DA:595,0
DA:596,0
DA:597,0
DA:598,0
DA:614,1
DA:616,1
DA:618,1
DA:619,1
DA:620,5
DA:622,1
DA:630,2
DA:631,1
DA:632,1
DA:633,2
DA:634,1
DA:635,2
DA:636,1
DA:638,1
DA:639,4
DA:640,3
DA:642,1
DA:643,1
DA:645,1
DA:646,1
DA:649,0
DA:650,0
DA:653,1
DA:655,1
DA:664,1
DA:665,1
DA:666,3
DA:667,1
DA:669,2
DA:670,3
DA:675,1
DA:676,1
DA:679,1
DA:680,1
DA:681,1
DA:682,1
DA:684,3
DA:687,1
DA:688,1
DA:689,1
DA:691,2
DA:698,1
DA:699,1
DA:701,1
DA:702,1
DA:703,1
DA:705,3
DA:711,1
DA:712,1
DA:714,1
DA:715,1
DA:717,1
DA:718,2
DA:719,2
DA:720,2
DA:725,1
DA:727,1
DA:728,3
DA:729,3
DA:730,2
DA:735,1
DA:737,1
DA:738,2
DA:739,2
DA:740,2
DA:750,1
DA:759,1
DA:764,1
DA:766,1
DA:769,3
DA:770,2
DA:771,2
DA:779,1
DA:784,1
DA:785,1
DA:792,1
DA:794,1
DA:795,4
DA:798,1
DA:799,3
DA:800,2
DA:802,4
DA:803,2
DA:805,0
DA:809,1
DA:810,1
DA:820,1
DA:821,1
DA:826,1
DA:828,5
DA:830,1
DA:832,1
DA:835,1
DA:836,4
DA:840,1
DA:841,1
DA:842,5
DA:862,1
DA:863,1
DA:864,3
DA:867,1
DA:874,1
DA:884,1
DA:885,1
DA:891,1
DA:893,2
DA:894,4
DA:895,2
DA:896,2
DA:897,2
DA:899,1
DA:900,0
DA:901,0
DA:903,1
DA:904,2
DA:905,1
DA:908,1
DA:909,1
DA:910,1
DA:912,1
DA:913,2
DA:914,1
DA:917,4
DA:927,1
DA:930,1
DA:931,1
DA:937,1
DA:939,2
DA:940,1
DA:941,0
DA:942,0
DA:944,1
DA:947,1
DA:948,2
DA:949,1
DA:950,1
DA:951,2
DA:955,2
LF:430
LH:328
end_of_record
SF:lib\firebase\remote_config_service.dart
DA:8,0
DA:9,0
DA:27,0
DA:28,0
DA:29,0
DA:33,0
DA:36,0
DA:43,0
DA:46,0
DA:48,0
DA:49,0
DA:50,0
DA:51,0
DA:54,0
DA:60,0
DA:61,0
DA:65,0
DA:69,0
DA:70,0
DA:71,0
DA:74,0
DA:75,0
DA:76,0
DA:79,0
DA:80,0
DA:81,0
DA:84,0
DA:85,0
DA:86,0
LF:29
LH:0
end_of_record
SF:lib\models\notification_message.dart
DA:13,0
DA:24,0
DA:25,0
DA:27,0
DA:28,0
DA:29,0
DA:30,0
DA:31,0
DA:32,0
DA:33,0
DA:37,0
LF:11
LH:0
end_of_record
SF:lib\screens\admin_dashboard.dart
DA:26,0
DA:39,0
DA:40,0
DA:49,0
DA:51,0
DA:52,0
DA:53,0
DA:55,0
DA:56,0
DA:57,0
DA:61,0
DA:63,0
DA:64,0
DA:67,0
DA:68,0
DA:70,0
DA:71,0
DA:72,0
DA:74,0
DA:78,0
DA:79,0
DA:80,0
DA:81,0
DA:82,0
DA:83,0
DA:85,0
DA:86,0
DA:87,0
DA:88,0
DA:89,0
DA:90,0
DA:91,0
DA:93,0
DA:95,0
DA:96,0
DA:97,0
DA:101,0
DA:103,0
DA:104,0
DA:105,0
DA:106,0
DA:107,0
DA:109,0
DA:111,0
DA:112,0
DA:113,0
DA:114,0
DA:115,0
DA:117,0
DA:118,0
DA:120,0
DA:121,0
DA:122,0
DA:124,0
DA:126,0
DA:127,0
DA:129,0
DA:130,0
DA:133,0
DA:134,0
DA:142,0
DA:143,0
DA:158,0
DA:159,0
DA:160,0
DA:161,0
DA:163,0
DA:164,0
DA:165,0
DA:166,0
DA:167,0
DA:170,0
DA:174,0
DA:175,0
DA:176,0
DA:177,0
DA:178,0
DA:179,0
DA:180,0
DA:181,0
DA:182,0
DA:183,0
DA:188,0
DA:189,0
DA:190,0
DA:193,0
DA:194,0
DA:195,0
DA:196,0
DA:197,0
DA:199,0
DA:200,0
DA:201,0
DA:202,0
DA:208,0
DA:233,0
DA:238,0
DA:239,0
DA:240,0
DA:242,0
DA:244,0
DA:245,0
DA:248,0
DA:250,0
DA:253,0
DA:256,0
DA:258,0
DA:261,0
DA:266,0
DA:268,0
DA:270,0
DA:271,0
DA:279,0
DA:283,0
DA:285,0
DA:286,0
DA:288,0
DA:289,0
DA:291,0
DA:292,0
DA:293,0
DA:294,0
DA:300,0
DA:311,0
DA:321,0
DA:323,0
DA:325,0
DA:326,0
DA:327,0
DA:329,0
DA:332,0
DA:335,0
DA:337,0
DA:339,0
DA:342,0
DA:344,0
DA:346,0
DA:349,0
DA:351,0
DA:353,0
DA:356,0
DA:358,0
DA:360,0
DA:363,0
DA:365,0
DA:366,0
DA:377,0
DA:393,0
DA:394,0
DA:400,0
DA:402,0
DA:403,0
DA:404,0
DA:405,0
DA:408,0
DA:409,0
DA:410,0
DA:411,0
DA:413,0
DA:414,0
DA:415,0
DA:416,0
DA:420,0
DA:421,0
DA:422,0
DA:424,0
DA:425,0
DA:427,0
DA:428,0
DA:429,0
DA:430,0
DA:435,0
DA:437,0
DA:438,0
DA:441,0
DA:442,0
DA:443,0
DA:445,0
DA:446,0
DA:447,0
DA:449,0
DA:452,0
DA:458,0
DA:459,0
DA:462,0
DA:464,0
DA:466,0
DA:467,0
DA:488,0
DA:493,0
DA:494,0
DA:498,0
DA:499,0
DA:503,0
DA:505,0
DA:506,0
DA:509,0
DA:511,0
DA:512,0
DA:516,0
DA:518,0
DA:520,0
DA:522,0
DA:524,0
DA:525,0
DA:527,0
DA:530,0
DA:532,0
LF:208
LH:0
end_of_record
SF:lib\utils\responsive_breakpoints.dart
DA:8,0
DA:44,0
DA:45,0
DA:48,0
DA:49,0
DA:50,0
DA:51,0
DA:55,0
DA:56,0
DA:59,0
DA:60,0
DA:63,0
DA:64,0
DA:68,0
DA:71,0
DA:86,0
DA:87,0
DA:88,0
DA:93,0
DA:94,0
LF:20
LH:0
end_of_record
SF:lib\screens\profile_screen.dart
DA:5,0
DA:10,0
DA:11,0
DA:27,0
DA:29,0
DA:30,0
DA:33,0
DA:35,0
DA:36,0
DA:37,0
DA:38,0
DA:39,0
DA:42,0
DA:43,0
DA:45,0
DA:47,0
DA:50,0
DA:52,0
DA:56,0
DA:57,0
DA:58,0
DA:59,0
DA:61,0
DA:62,0
DA:63,0
DA:64,0
DA:68,0
DA:69,0
DA:70,0
DA:71,0
DA:73,0
DA:75,0
DA:77,0
DA:78,0
DA:86,0
DA:87,0
DA:88,0
DA:89,0
DA:95,0
DA:99,0
DA:101,0
DA:102,0
DA:105,0
DA:106,0
DA:107,0
DA:109,0
DA:110,0
DA:112,0
DA:116,0
DA:117,0
DA:119,0
DA:121,0
DA:122,0
DA:123,0
DA:125,0
DA:127,0
DA:129,0
DA:130,0
DA:131,0
DA:132,0
DA:134,0
DA:136,0
DA:137,0
DA:138,0
DA:140,0
DA:141,0
DA:142,0
DA:145,0
DA:147,0
DA:150,0
DA:155,0
DA:156,0
DA:161,0
DA:162,0
DA:163,0
DA:167,0
DA:169,0
DA:170,0
DA:171,0
DA:173,0
DA:174,0
DA:175,0
DA:185,0
DA:187,0
DA:189,0
DA:192,0
DA:194,0
DA:195,0
DA:196,0
DA:198,0
DA:200,0
DA:201,0
DA:203,0
DA:204,0
DA:206,0
DA:211,0
DA:218,0
DA:219,0
DA:220,0
DA:223,0
DA:225,0
DA:226,0
DA:231,0
DA:240,0
DA:242,0
DA:243,0
DA:245,0
DA:247,0
DA:248,0
DA:249,0
DA:250,0
DA:251,0
DA:252,0
DA:253,0
DA:254,0
DA:258,0
DA:259,0
DA:264,0
DA:265,0
DA:267,0
DA:268,0
DA:269,0
DA:271,0
DA:273,0
DA:274,0
DA:275,0
DA:276,0
DA:277,0
DA:278,0
DA:281,0
DA:282,0
DA:283,0
DA:285,0
DA:287,0
DA:288,0
DA:289,0
DA:297,0
DA:298,0
DA:299,0
DA:300,0
DA:303,0
DA:304,0
DA:305,0
DA:307,0
DA:309,0
DA:310,0
DA:311,0
DA:319,0
DA:320,0
DA:321,0
DA:322,0
DA:325,0
DA:326,0
DA:327,0
DA:329,0
DA:331,0
DA:332,0
DA:333,0
DA:344,0
DA:347,0
DA:348,0
DA:350,0
DA:351,0
DA:353,0
DA:355,0
DA:359,0
DA:361,0
DA:363,0
DA:364,0
DA:365,0
DA:366,0
DA:368,0
DA:370,0
DA:371,0
DA:372,0
DA:379,0
DA:381,0
LF:177
LH:0
end_of_record
SF:lib\screens\stats_screen.dart
DA:33,0
DA:38,0
DA:39,0
DA:45,0
DA:47,0
DA:48,0
DA:51,0
DA:52,0
DA:54,0
DA:55,0
DA:56,0
DA:57,0
DA:59,0
DA:61,0
DA:62,0
DA:70,0
DA:71,0
DA:72,0
DA:75,0
DA:79,0
DA:81,0
DA:82,0
DA:83,0
DA:84,0
DA:85,0
DA:87,0
DA:94,0
DA:112,0
DA:114,0
DA:115,0
DA:116,0
DA:119,0
DA:120,0
DA:121,0
DA:123,0
DA:124,0
DA:127,0
DA:128,0
DA:134,0
DA:136,0
DA:138,0
DA:139,0
DA:148,0
DA:150,0
DA:151,0
DA:152,0
DA:154,0
DA:155,0
DA:156,0
DA:163,0
DA:166,0
DA:167,0
DA:170,0
DA:171,0
DA:172,0
DA:174,0
DA:175,0
DA:176,0
DA:177,0
DA:178,0
DA:179,0
DA:180,0
DA:183,0
DA:184,0
DA:185,0
DA:186,0
DA:187,0
DA:188,0
DA:189,0
DA:192,0
DA:193,0
DA:194,0
DA:195,0
DA:196,0
DA:197,0
DA:198,0
DA:201,0
DA:202,0
DA:203,0
DA:204,0
DA:206,0
DA:208,0
DA:209,0
DA:210,0
DA:212,0
DA:215,0
DA:220,0
DA:221,0
DA:223,0
DA:226,0
DA:233,0
DA:235,0
DA:238,0
DA:242,0
DA:247,0
DA:254,0
DA:255,0
DA:256,0
DA:259,0
DA:266,0
DA:267,0
DA:270,0
DA:272,0
DA:275,0
DA:276,0
DA:277,0
DA:280,0
DA:284,0
DA:285,0
DA:287,0
DA:290,0
DA:291,0
DA:292,0
DA:294,0
DA:297,0
DA:298,0
DA:299,0
DA:301,0
DA:304,0
DA:305,0
DA:306,0
DA:308,0
DA:311,0
DA:312,0
DA:313,0
DA:322,0
DA:336,0
DA:338,0
DA:341,0
DA:342,0
DA:343,0
DA:345,0
DA:347,0
DA:348,0
DA:350,0
DA:351,0
DA:354,0
DA:356,0
DA:357,0
DA:369,1
DA:372,0
DA:374,0
DA:375,0
DA:376,0
DA:377,0
DA:378,0
DA:379,0
DA:387,0
DA:388,0
DA:389,0
DA:390,0
DA:391,0
DA:392,0
DA:393,0
DA:394,0
DA:395,0
DA:399,0
DA:400,0
DA:401,0
DA:407,0
DA:419,0
DA:421,0
DA:423,0
DA:424,0
DA:425,0
DA:427,0
DA:429,0
DA:430,0
DA:431,0
DA:432,0
DA:434,0
DA:436,0
DA:437,0
DA:440,0
DA:441,0
DA:442,0
DA:444,0
DA:445,0
DA:446,0
DA:447,0
DA:455,0
DA:460,0
DA:461,0
DA:464,0
DA:465,0
DA:466,0
DA:470,0
DA:471,0
DA:472,0
DA:473,0
DA:475,0
DA:486,0
DA:487,0
DA:491,0
DA:492,0
DA:493,0
DA:494,0
DA:506,0
DA:507,0
DA:508,0
DA:509,0
DA:510,0
DA:511,0
DA:512,0
DA:531,0
DA:534,0
DA:536,0
DA:537,0
DA:539,0
DA:541,0
DA:542,0
DA:543,0
DA:544,0
DA:546,0
DA:547,0
DA:548,0
DA:550,0
DA:551,0
DA:552,0
DA:553,0
DA:554,0
DA:555,0
DA:556,0
DA:558,0
DA:572,0
DA:573,0
DA:574,0
DA:575,0
DA:576,0
DA:578,0
DA:591,0
DA:594,0
DA:596,0
DA:597,0
DA:605,0
DA:607,0
DA:608,0
DA:609,0
DA:610,0
DA:612,0
DA:613,0
DA:614,0
DA:616,0
DA:617,0
DA:618,0
DA:619,0
DA:620,0
DA:621,0
DA:622,0
DA:624,0
DA:638,0
DA:639,0
DA:640,0
DA:641,0
DA:642,0
DA:643,0
DA:656,0
DA:662,0
DA:665,0
DA:667,0
DA:670,0
DA:671,0
DA:672,0
DA:674,0
DA:675,0
DA:678,0
DA:679,0
DA:680,0
DA:684,0
DA:685,0
DA:697,1
DA:708,0
DA:710,0
DA:711,0
DA:712,0
DA:713,0
DA:717,0
DA:718,0
DA:719,0
LF:279
LH:2
end_of_record
SF:lib\screens\firebase_demo_screen.dart
DA:12,1
DA:16,0
DA:17,0
DA:31,0
DA:33,0
DA:34,0
DA:36,0
DA:37,0
DA:38,0
DA:39,0
DA:42,0
DA:43,0
DA:44,0
DA:48,0
DA:50,0
DA:51,0
DA:52,0
DA:57,0
DA:58,0
DA:59,0
DA:62,0
DA:65,0
DA:66,0
DA:68,0
DA:69,0
DA:70,0
DA:71,0
DA:72,0
DA:74,0
DA:76,0
DA:84,0
DA:85,0
DA:86,0
DA:87,0
DA:93,0
DA:97,0
DA:99,0
DA:100,0
DA:101,0
DA:102,0
DA:104,0
DA:106,0
DA:107,0
DA:109,0
DA:110,0
DA:112,0
DA:114,0
DA:124,0
DA:125,0
DA:126,0
DA:130,0
DA:134,0
DA:137,0
DA:139,0
DA:142,0
DA:143,0
DA:146,0
DA:149,0
DA:152,0
DA:154,0
DA:156,0
DA:159,0
DA:169,0
DA:170,0
DA:171,0
DA:174,0
DA:177,0
DA:179,0
DA:180,0
DA:181,0
DA:183,0
DA:184,0
DA:185,0
DA:186,0
DA:188,0
DA:189,0
DA:190,0
DA:191,0
DA:193,0
DA:194,0
DA:202,0
DA:205,0
DA:206,0
DA:207,0
DA:210,0
DA:215,0
DA:216,0
DA:219,0
DA:226,0
DA:227,0
DA:229,0
DA:238,0
DA:239,0
DA:240,0
DA:244,0
DA:246,0
DA:247,0
DA:248,0
DA:250,0
DA:251,0
DA:252,0
DA:253,0
DA:255,0
DA:256,0
DA:257,0
DA:259,0
DA:260,0
DA:261,0
DA:267,0
DA:268,0
DA:269,0
DA:279,0
DA:280,0
DA:282,0
DA:283,0
DA:290,0
DA:292,0
DA:305,0
DA:319,0
DA:321,0
DA:322,0
DA:324,0
DA:325,0
DA:326,0
DA:327,0
DA:329,0
DA:331,0
DA:332,0
DA:333,0
DA:334,0
DA:336,0
DA:337,0
DA:338,0
DA:339,0
DA:340,0
DA:341,0
DA:342,0
DA:345,0
DA:349,0
DA:350,0
DA:352,0
DA:360,0
DA:374,0
DA:376,0
DA:377,0
DA:380,0
DA:381,0
DA:382,0
DA:383,0
DA:385,0
DA:387,0
DA:388,0
DA:389,0
DA:390,0
DA:392,0
DA:393,0
DA:394,0
DA:395,0
DA:397,0
DA:405,0
DA:406,0
DA:407,0
DA:410,0
DA:414,0
DA:415,0
LF:165
LH:1
end_of_record
SF:lib\screens\notification_center_screen.dart
DA:14,0
DA:23,0
DA:25,0
DA:26,0
DA:27,0
DA:35,0
DA:39,0
DA:40,0
DA:46,0
DA:47,0
DA:48,0
DA:49,0
DA:50,0
DA:51,0
DA:52,0
DA:53,0
DA:56,0
DA:57,0
DA:58,0
DA:59,0
DA:60,0
DA:63,0
DA:65,0
DA:66,0
DA:68,0
DA:70,0
DA:71,0
DA:73,0
DA:74,0
DA:75,0
DA:76,0
DA:82,0
DA:83,0
DA:84,0
DA:87,0
DA:88,0
DA:89,0
DA:91,0
DA:92,0
DA:93,0
DA:94,0
DA:95,0
DA:96,0
DA:97,0
DA:98,0
DA:99,0
DA:100,0
DA:104,0
DA:107,0
DA:110,0
DA:111,0
DA:112,0
DA:113,0
DA:114,0
DA:116,0
DA:117,0
DA:118,0
DA:120,0
DA:121,0
DA:124,0
DA:129,0
DA:130,0
DA:131,0
DA:133,0
DA:134,0
DA:135,0
DA:137,0
DA:138,0
DA:139,0
DA:140,0
DA:151,0
DA:153,0
DA:155,0
DA:158,0
DA:162,0
DA:166,0
DA:167,0
DA:168,0
DA:172,0
DA:176,0
DA:177,0
DA:178,0
DA:179,0
DA:180,0
DA:181,0
DA:185,0
DA:187,0
DA:188,0
DA:190,0
DA:192,0
DA:193,0
DA:197,0
DA:198,0
DA:203,0
DA:204,0
DA:205,0
DA:206,0
DA:215,0
DA:229,0
DA:231,0
DA:233,0
DA:234,0
DA:235,0
DA:236,0
DA:237,0
DA:239,0
DA:241,0
DA:243,0
DA:245,0
DA:248,0
DA:249,0
DA:250,0
DA:251,0
DA:253,0
DA:255,0
DA:256,0
DA:258,0
DA:259,0
DA:260,0
DA:261,0
DA:262,0
DA:263,0
DA:265,0
DA:266,0
DA:268,0
DA:270,0
DA:271,0
DA:272,0
DA:274,0
DA:275,0
DA:276,0
DA:277,0
DA:278,0
DA:287,0
DA:288,0
DA:289,0
DA:290,0
DA:291,0
DA:294,0
DA:295,0
DA:296,0
DA:298,0
DA:299,0
DA:303,0
DA:304,0
DA:305,0
DA:308,0
DA:309,0
DA:310,0
DA:312,0
DA:313,0
DA:315,0
DA:316,0
DA:319,0
DA:320,0
DA:333,0
DA:336,0
DA:337,0
DA:343,0
DA:344,0
DA:345,0
DA:346,0
DA:347,0
DA:353,0
DA:363,0
DA:365,0
DA:366,0
DA:368,0
DA:369,0
DA:370,0
DA:371,0
DA:374,0
DA:375,0
DA:376,0
DA:377,0
DA:378,0
DA:380,0
DA:381,0
DA:382,0
DA:383,0
DA:385,0
DA:386,0
DA:387,0
DA:391,0
DA:392,0
DA:393,0
DA:395,0
DA:396,0
DA:398,0
DA:401,0
DA:404,0
DA:405,0
DA:419,0
DA:424,0
DA:426,0
DA:427,0
DA:428,0
DA:429,0
DA:430,0
DA:431,0
DA:433,0
DA:434,0
DA:435,0
DA:436,0
DA:437,0
DA:438,0
DA:439,0
DA:441,0
DA:442,0
DA:444,0
DA:451,0
DA:461,0
DA:462,0
DA:463,0
DA:464,0
DA:465,0
DA:466,0
DA:467,0
DA:468,0
DA:469,0
DA:470,0
DA:471,0
DA:472,0
DA:476,0
DA:477,0
DA:478,0
DA:479,0
DA:480,0
DA:481,0
DA:482,0
DA:485,0
DA:487,0
DA:488,0
DA:489,0
DA:490,0
DA:491,0
DA:494,0
DA:496,0
DA:497,0
DA:498,0
DA:500,0
DA:501,0
DA:502,0
DA:505,0
DA:507,0
DA:508,0
DA:511,0
DA:512,0
DA:515,0
DA:519,0
DA:520,0
DA:522,0
DA:523,0
DA:524,0
DA:525,0
DA:526,0
DA:527,0
DA:528,0
DA:530,0
DA:535,0
DA:536,0
DA:539,0
DA:540,0
DA:547,0
DA:548,0
DA:550,0
DA:555,0
DA:556,0
DA:557,0
DA:558,0
DA:559,0
DA:560,0
DA:562,0
DA:564,0
DA:565,0
DA:566,0
LF:276
LH:0
end_of_record
SF:lib\viewmodels\notification_viewmodel.dart
DA:7,0
DA:8,0
DA:9,0
DA:10,0
DA:11,0
DA:12,0
DA:13,0
DA:14,0
DA:19,0
DA:23,0
DA:25,0
DA:26,0
DA:28,0
DA:29,0
DA:32,0
DA:33,0
DA:34,0
DA:35,0
DA:36,0
DA:37,0
DA:38,0
DA:41,0
DA:43,0
DA:44,0
LF:24
LH:0
end_of_record
SF:lib\screens\campaign_management_screen.dart
DA:30,0
DA:31,0
DA:33,0
DA:34,0
DA:35,0
DA:36,0
DA:38,0
DA:39,0
DA:40,0
DA:42,0
DA:43,0
DA:51,0
DA:58,0
DA:60,0
DA:68,0
DA:70,0
DA:72,0
DA:73,0
DA:74,0
DA:75,0
DA:76,0
DA:79,0
DA:81,0
DA:82,0
DA:83,0
DA:84,0
DA:90,0
DA:92,0
DA:93,0
DA:94,0
DA:95,0
DA:96,0
DA:106,0
DA:107,0
DA:108,0
DA:109,0
DA:110,0
DA:111,0
DA:113,0
DA:114,0
DA:116,0
DA:117,0
DA:118,0
DA:119,0
DA:127,0
DA:128,0
DA:129,0
DA:133,0
DA:134,0
DA:136,0
DA:137,0
DA:145,0
DA:146,0
DA:148,0
DA:149,0
DA:150,0
DA:151,0
DA:154,0
DA:156,0
DA:157,0
DA:159,0
DA:161,0
DA:170,0
DA:171,0
DA:173,0
DA:174,0
DA:175,0
DA:178,0
DA:183,0
DA:185,0
DA:191,0
DA:192,0
DA:194,0
DA:195,0
DA:196,0
DA:197,0
DA:198,0
DA:202,0
DA:207,0
DA:210,0
DA:211,0
DA:214,0
DA:215,0
DA:216,0
DA:223,0
DA:224,0
DA:225,0
DA:226,0
DA:227,0
DA:228,0
DA:231,0
DA:232,0
DA:234,0
DA:235,0
DA:238,0
DA:246,0
DA:248,0
DA:249,0
DA:250,0
DA:251,0
DA:252,0
DA:253,0
DA:256,0
DA:257,0
DA:258,0
DA:260,0
DA:261,0
DA:268,0
DA:269,0
DA:270,0
DA:271,0
DA:274,0
DA:275,0
DA:276,0
DA:277,0
DA:278,0
DA:279,0
DA:280,0
DA:282,0
DA:283,0
DA:284,0
DA:285,0
DA:288,0
DA:289,0
DA:291,0
DA:293,0
DA:294,0
DA:295,0
DA:298,0
DA:306,0
DA:308,0
DA:309,0
DA:310,0
DA:311,0
DA:312,0
DA:313,0
DA:316,0
DA:317,0
DA:318,0
DA:320,0
DA:321,0
DA:332,0
DA:333,0
DA:334,0
DA:335,0
DA:339,0
DA:340,0
DA:341,0
DA:342,0
DA:343,0
DA:351,0
DA:352,0
DA:353,0
DA:354,0
DA:355,0
DA:357,0
DA:358,0
DA:361,0
DA:362,0
DA:363,0
DA:366,0
DA:367,0
DA:368,0
DA:374,0
DA:376,0
DA:377,0
DA:378,0
DA:379,0
DA:381,0
DA:391,0
DA:401,0
DA:402,0
DA:409,0
DA:411,0
DA:412,0
DA:415,0
DA:417,0
DA:418,0
DA:419,0
DA:423,0
DA:424,0
DA:425,0
DA:426,0
DA:428,0
DA:429,0
DA:430,0
DA:434,0
DA:436,0
DA:437,0
DA:439,0
DA:440,0
DA:441,0
DA:442,0
DA:443,0
DA:444,0
DA:446,0
DA:447,0
DA:448,0
DA:449,0
DA:451,0
DA:452,0
DA:453,0
DA:454,0
DA:456,0
DA:457,0
DA:458,0
DA:459,0
DA:462,0
DA:463,0
DA:465,0
DA:469,0
DA:470,0
DA:471,0
DA:472,0
DA:473,0
DA:476,0
DA:478,0
DA:479,0
DA:480,0
DA:481,0
DA:482,0
DA:483,0
DA:484,0
DA:493,0
DA:494,0
DA:495,0
DA:498,0
DA:500,0
DA:501,0
DA:502,0
DA:504,0
DA:507,0
DA:508,0
DA:509,0
DA:512,0
DA:513,0
DA:519,0
DA:520,0
DA:521,0
DA:522,0
DA:523,0
DA:524,0
DA:533,0
DA:534,0
DA:535,0
DA:539,0
DA:541,0
DA:542,0
DA:543,0
DA:545,0
DA:548,0
DA:549,0
DA:550,0
DA:553,0
DA:554,0
DA:555,0
DA:561,0
DA:562,0
DA:563,0
DA:564,0
DA:565,0
DA:566,0
DA:575,0
DA:576,0
DA:577,0
DA:578,0
DA:581,0
DA:583,0
DA:584,0
DA:585,0
DA:587,0
DA:590,0
DA:591,0
DA:592,0
DA:595,0
DA:596,0
DA:602,0
DA:603,0
DA:604,0
DA:605,0
DA:606,0
DA:607,0
DA:616,0
DA:617,0
DA:621,0
DA:623,0
DA:631,0
DA:633,0
DA:634,0
DA:635,0
DA:636,0
DA:638,0
DA:640,0
DA:641,0
DA:642,0
DA:643,0
DA:644,0
DA:646,0
DA:647,0
DA:648,0
DA:649,0
DA:650,0
DA:651,0
DA:660,0
DA:663,0
DA:665,0
DA:666,0
DA:667,0
DA:668,0
DA:674,0
DA:675,0
DA:676,0
DA:677,0
DA:679,0
DA:680,0
DA:681,0
DA:682,0
DA:683,0
DA:696,0
DA:698,0
DA:701,0
DA:706,0
DA:708,0
DA:709,0
DA:711,0
DA:718,0
DA:719,0
DA:720,0
DA:722,0
DA:723,0
DA:724,0
DA:725,0
DA:727,0
DA:733,0
DA:734,0
DA:736,0
DA:742,0
DA:743,0
DA:745,0
DA:751,0
DA:752,0
DA:754,0
DA:762,0
DA:763,0
DA:764,0
DA:765,0
DA:766,0
DA:767,0
DA:769,0
DA:775,0
DA:776,0
DA:778,0
DA:786,0
DA:787,0
DA:788,0
DA:789,0
DA:791,0
DA:797,0
DA:798,0
DA:800,0
DA:816,0
DA:817,0
DA:819,0
DA:827,0
DA:828,0
DA:829,0
DA:830,0
DA:831,0
DA:832,0
DA:834,0
DA:835,0
DA:837,0
DA:840,0
DA:842,0
DA:843,0
DA:844,0
DA:845,0
DA:857,0
DA:859,0
DA:860,0
DA:861,0
DA:862,0
DA:865,0
DA:866,0
DA:870,0
DA:871,0
DA:872,0
DA:882,0
DA:883,0
DA:884,0
DA:886,0
DA:887,0
DA:888,0
DA:889,0
DA:891,0
DA:892,0
DA:893,0
DA:895,0
DA:896,0
DA:897,0
DA:899,0
DA:902,0
DA:903,0
DA:906,0
DA:907,0
DA:915,0
DA:931,0
DA:932,0
DA:933,0
DA:934,0
DA:936,0
DA:937,0
DA:939,0
DA:940,0
DA:945,0
DA:946,0
DA:947,0
DA:948,0
DA:949,0
DA:955,0
DA:956,0
DA:957,0
DA:958,0
DA:959,0
DA:961,0
DA:962,0
DA:963,0
DA:964,0
DA:967,0
DA:968,0
DA:969,0
DA:975,0
DA:977,0
DA:978,0
DA:979,0
DA:980,0
DA:981,0
DA:983,0
DA:984,0
DA:994,0
DA:1010,0
DA:1011,0
DA:1017,0
DA:1019,0
DA:1020,0
DA:1022,0
DA:1023,0
DA:1024,0
DA:1025,0
DA:1027,0
DA:1028,0
DA:1029,0
DA:1030,0
DA:1031,0
DA:1032,0
DA:1033,0
DA:1034,0
DA:1035,0
DA:1036,0
DA:1037,0
DA:1039,0
DA:1040,0
DA:1041,0
DA:1042,0
DA:1046,0
DA:1047,0
DA:1048,0
DA:1053,0
DA:1054,0
DA:1060,0
DA:1061,0
DA:1062,0
DA:1063,0
DA:1065,0
DA:1066,0
DA:1067,0
DA:1069,0
DA:1071,0
DA:1072,0
DA:1073,0
DA:1074,0
DA:1076,0
DA:1078,0
DA:1079,0
DA:1080,0
DA:1081,0
DA:1083,0
DA:1084,0
DA:1085,0
DA:1087,0
DA:1090,0
DA:1094,0
DA:1095,0
DA:1096,0
DA:1108,0
DA:1110,0
DA:1111,0
DA:1112,0
DA:1113,0
DA:1114,0
DA:1115,0
DA:1116,0
DA:1117,0
DA:1129,0
DA:1130,0
DA:1131,0
DA:1133,0
DA:1134,0
DA:1135,0
DA:1136,0
DA:1137,0
DA:1146,0
DA:1148,0
DA:1150,0
DA:1151,0
DA:1155,0
DA:1157,0
DA:1161,0
DA:1181,0
DA:1197,0
DA:1199,0
DA:1200,0
DA:1202,0
DA:1204,0
DA:1206,0
DA:1207,0
DA:1208,0
DA:1210,0
DA:1212,0
DA:1214,0
DA:1215,0
DA:1216,0
DA:1217,0
DA:1219,0
DA:1221,0
DA:1222,0
DA:1224,0
DA:1225,0
DA:1227,0
DA:1228,0
DA:1229,0
DA:1231,0
DA:1234,0
DA:1235,0
DA:1237,0
DA:1238,0
DA:1239,0
DA:1240,0
DA:1241,0
DA:1242,0
DA:1251,0
DA:1255,0
DA:1257,0
DA:1258,0
DA:1260,0
DA:1261,0
DA:1264,0
DA:1265,0
DA:1271,0
DA:1272,0
DA:1273,0
DA:1275,0
DA:1276,0
DA:1277,0
DA:1280,0
DA:1282,0
DA:1283,0
DA:1284,0
DA:1289,0
DA:1290,0
DA:1291,0
DA:1293,0
DA:1294,0
DA:1295,0
DA:1296,0
DA:1304,0
DA:1305,0
DA:1306,0
DA:1308,0
DA:1309,0
DA:1311,0
DA:1312,0
DA:1313,0
DA:1328,0
DA:1330,0
DA:1331,0
DA:1335,0
DA:1336,0
DA:1340,0
DA:1341,0
DA:1343,0
DA:1344,0
DA:1345,0
DA:1347,0
DA:1348,0
DA:1354,0
DA:1355,0
DA:1358,0
DA:1359,0
DA:1361,0
DA:1365,0
DA:1379,0
DA:1391,0
DA:1393,0
DA:1394,0
DA:1395,0
DA:1396,0
DA:1397,0
DA:1398,0
DA:1399,0
DA:1400,0
DA:1405,0
DA:1406,0
DA:1407,0
DA:1408,0
DA:1417,0
DA:1421,0
DA:1422,0
DA:1433,0
DA:1435,0
DA:1436,0
DA:1437,0
DA:1438,0
DA:1439,0
DA:1440,0
DA:1441,0
DA:1442,0
DA:1445,0
DA:1447,0
DA:1448,0
DA:1449,0
DA:1452,0
DA:1454,0
DA:1455,0
DA:1456,0
DA:1458,0
DA:1459,0
DA:1463,0
DA:1464,0
DA:1465,0
DA:1466,0
DA:1468,0
DA:1469,0
DA:1470,0
DA:1471,0
DA:1473,0
DA:1475,0
DA:1476,0
DA:1478,0
DA:1479,0
DA:1480,0
DA:1483,0
DA:1484,0
DA:1488,0
DA:1492,0
DA:1494,0
DA:1495,0
DA:1497,0
DA:1499,0
DA:1500,0
DA:1507,0
DA:1508,0
DA:1509,0
DA:1510,0
DA:1513,0
DA:1516,0
DA:1517,0
DA:1520,0
DA:1521,0
DA:1525,0
DA:1526,0
DA:1527,0
DA:1529,0
DA:1530,0
DA:1531,0
DA:1532,0
DA:1533,0
DA:1534,0
DA:1535,0
DA:1536,0
DA:1547,0
DA:1548,0
DA:1549,0
DA:1552,0
DA:1553,0
DA:1554,0
DA:1558,0
DA:1570,0
DA:1571,0
DA:1585,0
DA:1587,0
DA:1588,0
DA:1589,0
DA:1590,0
DA:1591,0
DA:1592,0
DA:1593,0
DA:1594,0
DA:1595,0
DA:1596,0
DA:1597,0
DA:1599,0
DA:1600,0
DA:1601,0
DA:1604,0
DA:1606,0
DA:1607,0
DA:1608,0
DA:1609,0
DA:1612,0
DA:1614,0
DA:1615,0
DA:1616,0
DA:1618,0
DA:1619,0
DA:1623,0
DA:1624,0
DA:1625,0
DA:1626,0
DA:1628,0
DA:1629,0
DA:1630,0
DA:1631,0
DA:1633,0
DA:1635,0
DA:1636,0
DA:1638,0
DA:1639,0
DA:1645,0
DA:1647,0
DA:1648,0
DA:1651,0
DA:1652,0
DA:1655,0
DA:1656,0
DA:1657,0
DA:1658,0
DA:1659,0
DA:1660,0
DA:1661,0
DA:1666,0
DA:1667,0
DA:1668,0
DA:1671,0
DA:1672,0
DA:1675,0
DA:1676,0
DA:1681,0
DA:1682,0
DA:1683,0
DA:1684,0
DA:1685,0
DA:1686,0
DA:1690,0
DA:1691,0
DA:1692,0
DA:1694,0
DA:1700,0
DA:1701,0
DA:1702,0
DA:1703,0
DA:1704,0
DA:1707,0
DA:1711,0
DA:1712,0
DA:1713,0
DA:1716,0
DA:1720,0
DA:1723,0
DA:1724,0
DA:1726,0
DA:1731,0
DA:1732,0
DA:1733,0
DA:1736,0
DA:1737,0
DA:1753,0
DA:1754,0
DA:1755,0
DA:1756,0
DA:1758,0
DA:1761,0
DA:1762,0
DA:1763,0
DA:1764,0
DA:1765,0
DA:1766,0
DA:1767,0
DA:1769,0
DA:1771,0
DA:1772,0
DA:1773,0
DA:1779,0
DA:1782,0
DA:1783,0
DA:1785,0
DA:1791,0
DA:1792,0
DA:1793,0
DA:1794,0
DA:1796,0
DA:1809,0
DA:1810,0
DA:1811,0
DA:1812,0
DA:1815,0
DA:1818,0
DA:1819,0
DA:1822,0
DA:1823,0
DA:1827,0
DA:1828,0
DA:1829,0
DA:1830,0
DA:1833,0
DA:1834,0
DA:1835,0
DA:1839,0
DA:1841,0
DA:1842,0
DA:1843,0
DA:1844,0
DA:1845,0
DA:1846,0
DA:1847,0
DA:1848,0
DA:1849,0
DA:1850,0
DA:1853,0
DA:1865,0
DA:1870,0
DA:1872,0
DA:1873,0
DA:1875,0
DA:1876,0
DA:1877,0
DA:1879,0
DA:1880,0
DA:1881,0
DA:1883,0
DA:1887,0
DA:1888,0
DA:1889,0
DA:1890,0
DA:1891,0
DA:1892,0
DA:1893,0
DA:1904,0
DA:1918,0
DA:1920,0
DA:1921,0
DA:1923,0
DA:1924,0
DA:1925,0
DA:1927,0
DA:1928,0
DA:1929,0
DA:1930,0
DA:1931,0
DA:1932,0
DA:1933,0
DA:1934,0
DA:1935,0
DA:1938,0
DA:1939,0
DA:1940,0
DA:1941,0
DA:1942,0
DA:1943,0
DA:1952,0
DA:1956,0
DA:1958,0
DA:1959,0
DA:1960,0
DA:1961,0
DA:1962,0
DA:1963,0
DA:1965,0
DA:1967,0
DA:1968,0
DA:1969,0
DA:1970,0
DA:1972,0
DA:1974,0
DA:1975,0
DA:1977,0
DA:1978,0
DA:1979,0
DA:1992,1
DA:2002,0
DA:2004,0
DA:2005,0
DA:2006,0
DA:2008,0
DA:2010,0
DA:2011,0
DA:2013,0
DA:2014,0
DA:2015,0
DA:2016,0
DA:2017,0
DA:2018,0
DA:2021,0
DA:2022,0
DA:2024,0
DA:2034,0
DA:2043,0
DA:2045,0
DA:2048,0
DA:2050,0
DA:2051,0
DA:2054,0
DA:2055,0
DA:2056,0
DA:2057,0
DA:2058,0
DA:2059,0
DA:2064,0
DA:2074,0
DA:2076,0
DA:2078,0
DA:2080,0
DA:2081,0
DA:2082,0
DA:2083,0
DA:2087,0
DA:2088,0
DA:2089,0
DA:2092,0
DA:2093,0
DA:2094,0
DA:2095,0
DA:2096,0
DA:2102,0
DA:2103,0
DA:2107,0
DA:2108,0
DA:2110,0
DA:2114,0
DA:2115,0
DA:2117,0
DA:2118,0
DA:2119,0
DA:2122,0
DA:2134,0
DA:2147,0
DA:2148,0
DA:2167,0
DA:2169,0
DA:2170,0
DA:2171,0
DA:2172,0
DA:2173,0
DA:2174,0
DA:2177,0
DA:2179,0
DA:2180,0
DA:2183,0
DA:2185,0
DA:2186,0
DA:2187,0
DA:2188,0
DA:2194,0
DA:2196,0
DA:2197,0
DA:2198,0
DA:2199,0
DA:2200,0
DA:2201,0
DA:2202,0
DA:2206,0
DA:2207,0
DA:2214,0
DA:2215,0
DA:2216,0
DA:2218,0
DA:2219,0
DA:2220,0
DA:2221,0
DA:2226,0
DA:2230,0
DA:2231,0
DA:2234,0
DA:2235,0
DA:2237,0
DA:2240,0
DA:2251,0
DA:2256,0
DA:2257,0
DA:2258,0
DA:2259,0
DA:2264,0
DA:2268,0
DA:2270,0
DA:2273,0
DA:2275,0
DA:2276,0
DA:2279,0
DA:2280,0
DA:2281,0
DA:2282,0
DA:2283,0
DA:2284,0
DA:2285,0
DA:2287,0
DA:2288,0
DA:2289,0
DA:2290,0
DA:2291,0
DA:2292,0
DA:2293,0
DA:2294,0
DA:2295,0
DA:2298,0
DA:2299,0
DA:2302,0
DA:2303,0
DA:2308,0
DA:2312,0
DA:2313,0
DA:2314,0
DA:2315,0
DA:2316,0
DA:2317,0
DA:2321,0
DA:2323,0
DA:2324,0
DA:2325,0
DA:2326,0
DA:2327,0
DA:2330,0
DA:2331,0
DA:2334,0
DA:2335,0
DA:2336,0
DA:2337,0
DA:2339,0
DA:2340,0
DA:2341,0
DA:2343,0
DA:2345,0
DA:2347,0
DA:2348,0
DA:2349,0
DA:2350,0
DA:2351,0
DA:2352,0
DA:2354,0
DA:2362,0
DA:2363,0
DA:2364,0
DA:2365,0
DA:2366,0
DA:2367,0
DA:2375,0
DA:2377,0
DA:2378,0
DA:2383,0
DA:2389,0
DA:2390,0
DA:2392,0
DA:2395,0
DA:2415,0
DA:2422,0
DA:2423,0
DA:2424,0
DA:2426,0
DA:2427,0
DA:2429,0
DA:2431,0
DA:2433,0
DA:2435,0
DA:2436,0
DA:2437,0
DA:2438,0
DA:2443,0
DA:2445,0
DA:2447,0
DA:2448,0
DA:2450,0
DA:2451,0
DA:2452,0
DA:2453,0
DA:2454,0
DA:2455,0
DA:2463,0
DA:2464,0
DA:2474,0
DA:2479,0
DA:2481,0
DA:2483,0
DA:2486,0
DA:2489,0
DA:2492,0
DA:2493,0
DA:2494,0
DA:2495,0
DA:2496,0
DA:2497,0
DA:2498,0
DA:2499,0
DA:2500,0
DA:2504,0
DA:2510,0
DA:2511,0
DA:2512,0
DA:2514,0
DA:2515,0
DA:2519,0
DA:2525,0
DA:2527,0
DA:2528,0
DA:2529,0
DA:2530,0
DA:2531,0
DA:2535,0
DA:2536,0
DA:2539,0
DA:2540,0
DA:2542,0
DA:2544,0
DA:2545,0
DA:2546,0
DA:2547,0
DA:2550,0
DA:2551,0
DA:2561,0
DA:2562,0
DA:2563,0
DA:2567,0
DA:2568,0
DA:2571,0
DA:2572,0
DA:2574,0
DA:2577,0
DA:2578,0
DA:2579,0
DA:2582,0
DA:2583,0
DA:2584,0
DA:2590,0
DA:2591,0
DA:2593,0
DA:2595,0
DA:2596,0
DA:2597,0
DA:2598,0
DA:2601,0
DA:2602,0
DA:2614,0
DA:2616,0
DA:2617,0
DA:2618,0
DA:2619,0
DA:2620,0
DA:2621,0
DA:2624,0
DA:2625,0
DA:2628,0
DA:2629,0
DA:2631,0
DA:2634,0
DA:2635,0
DA:2636,0
DA:2639,0
DA:2640,0
DA:2646,0
DA:2647,0
DA:2649,0
DA:2651,0
DA:2652,0
DA:2653,0
DA:2654,0
DA:2657,0
DA:2658,0
DA:2669,0
DA:2670,0
DA:2671,0
DA:2675,0
DA:2676,0
DA:2679,0
DA:2680,0
DA:2682,0
DA:2685,0
DA:2686,0
DA:2687,0
DA:2690,0
DA:2691,0
DA:2692,0
DA:2698,0
DA:2699,0
DA:2701,0
DA:2703,0
DA:2704,0
DA:2705,0
DA:2706,0
DA:2709,0
DA:2710,0
DA:2722,0
DA:2724,0
DA:2726,0
DA:2727,0
DA:2728,0
DA:2731,0
DA:2732,0
DA:2735,0
DA:2736,0
DA:2738,0
DA:2741,0
DA:2742,0
DA:2743,0
DA:2746,0
DA:2747,0
DA:2753,0
DA:2754,0
DA:2756,0
DA:2758,0
DA:2759,0
DA:2760,0
DA:2761,0
DA:2764,0
DA:2765,0
DA:2782,0
DA:2789,0
DA:2790,0
DA:2792,0
DA:2796,0
DA:2798,0
DA:2802,0
DA:2804,0
DA:2808,0
DA:2813,0
DA:2815,0
DA:2820,0
DA:2823,0
DA:2825,0
DA:2834,0
DA:2836,0
DA:2837,0
DA:2838,0
DA:2840,0
DA:2842,0
DA:2845,0
DA:2852,0
DA:2853,0
DA:2854,0
DA:2855,0
DA:2856,0
DA:2857,0
DA:2858,0
DA:2860,0
DA:2863,0
DA:2864,0
DA:2865,0
DA:2866,0
DA:2868,0
DA:2876,0
DA:2878,0
DA:2880,0
DA:2889,0
DA:2891,0
DA:2892,0
DA:2893,0
DA:2895,0
DA:2896,0
DA:2897,0
DA:2900,0
DA:2906,0
DA:2907,0
DA:2908,0
DA:2910,0
DA:2912,0
DA:2913,0
DA:2921,0
DA:2922,0
DA:2923,0
DA:2924,0
DA:2925,0
DA:2926,0
DA:2927,0
DA:2929,0
DA:2934,0
DA:2935,0
DA:2936,0
DA:2937,0
DA:2939,0
DA:2945,0
DA:2952,0
DA:2953,0
DA:2955,0
DA:2957,0
DA:2958,0
DA:2959,0
DA:2960,0
DA:2961,0
DA:2967,0
DA:2970,0
DA:2971,0
DA:2972,0
DA:2973,0
DA:2975,0
DA:2976,0
DA:2977,0
DA:2979,0
DA:2982,0
DA:2983,0
DA:2985,0
DA:2987,0
DA:2997,0
DA:3010,0
DA:3017,0
DA:3018,0
DA:3019,0
DA:3020,0
DA:3021,0
DA:3022,0
DA:3023,0
DA:3024,0
DA:3027,0
DA:3028,0
DA:3031,0
DA:3032,0
DA:3035,0
DA:3036,0
DA:3037,0
DA:3038,0
DA:3042,0
DA:3043,0
DA:3044,0
DA:3045,0
DA:3046,0
DA:3047,0
DA:3050,0
DA:3052,0
DA:3054,0
DA:3055,0
DA:3056,0
DA:3057,0
DA:3062,0
DA:3064,0
DA:3066,0
DA:3067,0
DA:3069,0
DA:3070,0
DA:3071,0
DA:3078,0
DA:3079,0
DA:3080,0
DA:3081,0
DA:3083,0
DA:3091,0
DA:3097,0
DA:3101,0
DA:3102,0
DA:3104,0
DA:3111,0
DA:3112,0
DA:3114,0
DA:3115,0
DA:3116,0
DA:3117,0
DA:3118,0
DA:3120,0
DA:3121,0
DA:3123,0
DA:3124,0
DA:3125,0
DA:3127,0
DA:3129,0
DA:3131,0
DA:3138,0
DA:3139,0
DA:3140,0
DA:3141,0
DA:3142,0
DA:3143,0
DA:3144,0
DA:3145,0
DA:3146,0
DA:3152,0
DA:3153,0
DA:3155,0
DA:3156,0
DA:3159,0
DA:3160,0
DA:3161,0
DA:3164,0
DA:3165,0
DA:3166,0
DA:3172,0
DA:3174,0
DA:3175,0
DA:3176,0
DA:3181,0
DA:3182,0
DA:3183,0
DA:3201,0
DA:3203,0
DA:3206,0
DA:3209,0
DA:3210,0
DA:3211,0
DA:3212,0
DA:3215,0
DA:3216,0
DA:3217,0
DA:3218,0
DA:3219,0
DA:3220,0
DA:3221,0
DA:3222,0
DA:3223,0
DA:3224,0
DA:3227,0
DA:3228,0
DA:3229,0
DA:3230,0
DA:3231,0
DA:3232,0
DA:3233,0
DA:3234,0
DA:3235,0
DA:3236,0
DA:3237,0
DA:3241,0
DA:3242,0
DA:3243,0
DA:3244,0
DA:3246,0
DA:3247,0
DA:3248,0
DA:3249,0
DA:3254,0
DA:3255,0
DA:3256,0
DA:3257,0
DA:3258,0
DA:3259,0
DA:3260,0
DA:3261,0
DA:3262,0
DA:3263,0
DA:3266,0
DA:3267,0
DA:3268,0
DA:3269,0
DA:3270,0
DA:3273,0
DA:3274,0
DA:3275,0
DA:3276,0
DA:3279,0
DA:3280,0
DA:3281,0
DA:3282,0
DA:3283,0
DA:3289,0
DA:3290,0
DA:3293,0
DA:3294,0
DA:3295,0
DA:3298,0
DA:3299,0
DA:3302,0
DA:3307,0
DA:3308,0
DA:3311,0
DA:3312,0
DA:3313,0
DA:3319,0
DA:3322,0
DA:3324,0
DA:3328,0
DA:3330,0
DA:3331,0
DA:3332,0
DA:3336,0
DA:3338,0
DA:3339,0
DA:3340,0
DA:3341,0
DA:3342,0
DA:3343,0
DA:3344,0
DA:3345,0
DA:3347,0
DA:3348,0
DA:3349,0
DA:3350,0
DA:3351,0
DA:3352,0
DA:3353,0
DA:3355,0
DA:3356,0
DA:3357,0
DA:3358,0
DA:3359,0
DA:3360,0
DA:3361,0
DA:3362,0
DA:3364,0
DA:3365,0
DA:3366,0
DA:3367,0
DA:3368,0
DA:3369,0
DA:3371,0
DA:3372,0
DA:3373,0
DA:3374,0
DA:3375,0
DA:3376,0
DA:3377,0
DA:3378,0
DA:3379,0
DA:3381,0
DA:3382,0
DA:3383,0
DA:3384,0
DA:3385,0
DA:3387,0
DA:3388,0
DA:3389,0
DA:3391,0
DA:3392,0
DA:3398,0
DA:3400,0
DA:3401,0
DA:3403,0
DA:3404,0
DA:3405,0
DA:3413,0
DA:3415,0
DA:3422,0
DA:3423,0
DA:3425,0
DA:3426,0
DA:3431,0
DA:3432,0
DA:3433,0
DA:3435,0
DA:3436,0
DA:3439,0
DA:3440,0
DA:3441,0
DA:3443,0
DA:3444,0
DA:3445,0
DA:3450,0
DA:3453,0
DA:3455,0
DA:3457,0
DA:3458,0
DA:3459,0
DA:3460,0
DA:3467,0
DA:3469,0
DA:3470,0
DA:3473,0
DA:3474,0
DA:3476,0
DA:3477,0
DA:3479,0
DA:3480,0
DA:3486,0
DA:3487,0
DA:3489,0
DA:3499,0
DA:3501,0
DA:3503,0
DA:3509,0
DA:3510,0
DA:3511,0
DA:3518,0
DA:3520,0
DA:3521,0
DA:3522,0
DA:3523,0
DA:3525,0
DA:3527,0
DA:3538,0
DA:3539,0
DA:3541,0
DA:3547,0
DA:3549,0
DA:3552,0
DA:3553,0
DA:3554,0
DA:3555,0
DA:3558,0
DA:3559,0
DA:3561,0
DA:3566,0
DA:3568,0
DA:3570,0
DA:3571,0
DA:3572,0
DA:3573,0
DA:3575,0
DA:3576,0
DA:3577,0
DA:3579,0
DA:3580,0
DA:3583,0
DA:3584,0
DA:3586,0
DA:3594,0
DA:3595,0
DA:3597,0
DA:3598,0
DA:3599,0
DA:3600,0
DA:3602,0
DA:3607,0
DA:3608,0
DA:3618,0
DA:3620,0
DA:3621,0
DA:3622,0
DA:3623,0
DA:3625,0
DA:3626,0
DA:3627,0
DA:3628,0
DA:3631,0
DA:3632,0
DA:3636,0
DA:3638,0
DA:3640,0
DA:3642,0
DA:3649,0
DA:3651,0
DA:3652,0
DA:3654,0
DA:3657,0
DA:3658,0
DA:3660,0
DA:3661,0
DA:3662,0
DA:3668,0
DA:3669,0
DA:3672,0
DA:3674,0
DA:3676,0
DA:3678,0
DA:3679,0
DA:3680,0
DA:3681,0
DA:3682,0
DA:3688,0
DA:3689,0
DA:3690,0
DA:3693,0
DA:3694,0
DA:3695,0
DA:3696,0
DA:3697,0
DA:3699,0
DA:3700,0
DA:3703,0
DA:3704,0
DA:3705,0
DA:3706,0
DA:3707,0
DA:3709,0
DA:3710,0
DA:3711,0
DA:3712,0
DA:3713,0
DA:3718,0
DA:3719,0
DA:3720,0
DA:3721,0
DA:3723,0
DA:3724,0
DA:3727,0
DA:3728,0
DA:3729,0
DA:3730,0
DA:3731,0
DA:3733,0
DA:3734,0
DA:3735,0
DA:3736,0
DA:3737,0
DA:3738,0
DA:3743,0
DA:3744,0
DA:3745,0
DA:3746,0
DA:3748,0
DA:3749,0
DA:3750,0
DA:3751,0
DA:3754,0
DA:3755,0
DA:3756,0
DA:3757,0
DA:3760,0
DA:3761,0
DA:3762,0
DA:3763,0
DA:3764,0
DA:3766,0
DA:3767,0
DA:3768,0
DA:3769,0
DA:3770,0
DA:3775,0
DA:3776,0
DA:3796,0
DA:3798,0
DA:3800,0
DA:3801,0
DA:3803,0
DA:3805,0
DA:3817,0
DA:3818,0
DA:3820,0
DA:3825,0
DA:3828,0
DA:3829,0
DA:3831,0
DA:3836,0
DA:3837,0
DA:3840,0
DA:3842,0
DA:3843,0
DA:3844,0
DA:3845,0
DA:3847,0
DA:3848,0
DA:3849,0
DA:3852,0
DA:3853,0
DA:3854,0
DA:3860,0
DA:3861,0
DA:3863,0
DA:3864,0
DA:3865,0
DA:3868,0
DA:3869,0
DA:3870,0
DA:3878,0
DA:3879,0
DA:3880,0
DA:3881,0
DA:3882,0
DA:3883,0
DA:3885,0
DA:3887,0
DA:3888,0
DA:3889,0
DA:3890,0
DA:3892,0
DA:3893,0
DA:3894,0
DA:3896,0
DA:3897,0
DA:3900,0
DA:3903,0
DA:3904,0
DA:3906,0
DA:3907,0
DA:3909,0
DA:3911,0
DA:3916,0
DA:3917,0
DA:3925,0
DA:3926,0
DA:3927,0
DA:3929,0
DA:3930,0
DA:3931,0
DA:3932,0
DA:3943,0
DA:3945,0
DA:3946,0
DA:3947,0
DA:3948,0
DA:3950,0
DA:3952,0
DA:3954,0
DA:3961,0
DA:3962,0
DA:3963,0
DA:3965,0
DA:3968,0
DA:3969,0
DA:3971,0
DA:3972,0
DA:3973,0
DA:3979,0
DA:3980,0
DA:3983,0
DA:3985,0
DA:3987,0
DA:3989,0
DA:3990,0
DA:3991,0
DA:3992,0
DA:3993,0
DA:3999,0
DA:4000,0
DA:4001,0
DA:4004,0
DA:4005,0
DA:4008,0
DA:4009,0
DA:4010,0
DA:4011,0
DA:4015,0
DA:4016,0
DA:4017,0
DA:4018,0
DA:4022,0
DA:4023,0
DA:4044,0
DA:4045,0
DA:4047,0
DA:4049,0
DA:4050,0
DA:4052,0
DA:4054,0
DA:4055,0
DA:4056,0
DA:4057,0
DA:4058,0
DA:4060,0
DA:4061,0
DA:4062,0
DA:4065,0
DA:4067,0
DA:4068,0
DA:4074,0
DA:4075,0
DA:4077,0
DA:4078,0
DA:4079,0
DA:4081,0
DA:4089,0
DA:4091,0
DA:4102,0
DA:4103,0
DA:4106,0
DA:4108,0
DA:4109,0
DA:4110,0
DA:4113,0
DA:4116,0
DA:4117,0
DA:4118,0
DA:4119,0
DA:4120,0
DA:4121,0
DA:4123,0
DA:4125,0
DA:4126,0
DA:4127,0
DA:4128,0
DA:4130,0
DA:4131,0
DA:4132,0
DA:4134,0
DA:4135,0
DA:4138,0
DA:4141,0
DA:4142,0
DA:4144,0
DA:4145,0
DA:4147,0
DA:4149,0
DA:4154,0
DA:4155,0
DA:4163,0
DA:4164,0
DA:4165,0
DA:4167,0
DA:4168,0
DA:4169,0
DA:4170,0
DA:4181,0
DA:4183,0
DA:4184,0
DA:4185,0
DA:4186,0
DA:4188,0
DA:4190,0
DA:4192,0
DA:4199,0
DA:4200,0
DA:4201,0
DA:4203,0
DA:4206,0
DA:4207,0
DA:4209,0
DA:4210,0
DA:4211,0
DA:4217,0
DA:4218,0
DA:4221,0
DA:4223,0
DA:4225,0
DA:4227,0
DA:4228,0
DA:4229,0
DA:4230,0
DA:4231,0
DA:4237,0
DA:4238,0
DA:4239,0
DA:4242,0
DA:4243,0
DA:4246,0
DA:4247,0
DA:4248,0
DA:4249,0
DA:4253,0
DA:4254,0
DA:4255,0
DA:4256,0
DA:4260,0
DA:4261,0
DA:4278,0
DA:4279,0
DA:4281,0
DA:4283,0
DA:4284,0
DA:4286,0
DA:4288,0
DA:4289,0
DA:4290,0
DA:4291,0
DA:4292,0
DA:4294,0
DA:4295,0
DA:4296,0
DA:4299,0
DA:4301,0
DA:4302,0
DA:4308,0
DA:4309,0
DA:4311,0
DA:4312,0
DA:4313,0
DA:4315,0
DA:4322,0
DA:4324,0
DA:4335,0
DA:4336,0
DA:4337,0
DA:4338,0
DA:4339,0
DA:4340,0
DA:4341,0
DA:4342,0
DA:4344,0
DA:4346,0
DA:4347,0
DA:4348,0
DA:4349,0
DA:4351,0
DA:4352,0
DA:4353,0
DA:4355,0
DA:4356,0
DA:4359,0
DA:4362,0
DA:4363,0
DA:4365,0
DA:4366,0
DA:4368,0
DA:4370,0
DA:4375,0
DA:4376,0
DA:4383,0
DA:4385,0
DA:4386,0
DA:4387,0
DA:4394,0
DA:4396,0
DA:4397,0
DA:4398,0
DA:4399,0
DA:4401,0
DA:4403,0
DA:4405,0
DA:4412,0
DA:4413,0
DA:4414,0
DA:4416,0
DA:4419,0
DA:4420,0
DA:4422,0
DA:4423,0
DA:4424,0
DA:4430,0
DA:4431,0
DA:4434,0
DA:4436,0
DA:4438,0
DA:4440,0
DA:4441,0
DA:4442,0
DA:4443,0
DA:4444,0
DA:4450,0
DA:4451,0
DA:4452,0
DA:4455,0
DA:4456,0
DA:4457,0
DA:4458,0
DA:4459,0
DA:4461,0
DA:4462,0
DA:4465,0
DA:4466,0
DA:4467,0
DA:4468,0
DA:4469,0
DA:4470,0
DA:4475,0
DA:4476,0
DA:4494,0
DA:4497,0
DA:4499,0
DA:4501,0
DA:4502,0
DA:4504,0
DA:4506,0
DA:4507,0
DA:4508,0
DA:4510,0
DA:4511,0
DA:4514,0
DA:4515,0
DA:4520,0
DA:4522,0
DA:4524,0
DA:4525,0
DA:4526,0
DA:4534,0
DA:4537,0
DA:4539,0
DA:4540,0
DA:4541,0
DA:4542,0
DA:4544,0
DA:4546,0
DA:4547,0
DA:4549,0
DA:4550,0
DA:4557,0
DA:4558,0
DA:4562,0
DA:4567,0
DA:4568,0
DA:4570,0
DA:4571,0
DA:4574,0
DA:4578,0
DA:4579,0
DA:4582,0
DA:4591,0
DA:4593,0
DA:4594,0
DA:4595,0
DA:4596,0
DA:4599,0
DA:4601,0
DA:4602,0
DA:4603,0
DA:4607,0
DA:4609,0
DA:4610,0
DA:4611,0
DA:4612,0
DA:4619,0
DA:4621,0
DA:4622,0
DA:4624,0
DA:4625,0
DA:4626,0
DA:4629,0
DA:4636,0
DA:4637,0
DA:4638,0
DA:4639,0
DA:4644,0
DA:4645,0
DA:4646,0
DA:4650,0
DA:4651,0
DA:4680,0
DA:4681,0
DA:4682,0
DA:4683,0
DA:4684,0
DA:4685,0
DA:4686,0
DA:4696,0
DA:4697,0
DA:4698,0
DA:4700,0
DA:4701,0
DA:4702,0
DA:4703,0
DA:4704,0
DA:4705,0
DA:4706,0
DA:4709,0
DA:4710,0
DA:4711,0
DA:4712,0
DA:4715,0
DA:4722,0
DA:4724,0
DA:4726,0
DA:4728,0
DA:4730,0
DA:4731,0
DA:4732,0
DA:4733,0
DA:4734,0
DA:4740,0
DA:4742,0
DA:4743,0
DA:4744,0
DA:4745,0
DA:4751,0
DA:4758,0
DA:4759,0
DA:4761,0
DA:4763,0
DA:4764,0
DA:4765,0
DA:4766,0
DA:4767,0
DA:4768,0
DA:4770,0
DA:4771,0
DA:4773,0
DA:4775,0
DA:4777,0
DA:4778,0
DA:4779,0
DA:4781,0
DA:4782,0
DA:4784,0
DA:4791,0
DA:4792,0
DA:4793,0
DA:4795,0
DA:4796,0
DA:4808,0
DA:4809,0
DA:4818,0
DA:4820,0
DA:4821,0
DA:4825,0
DA:4827,0
DA:4832,0
DA:4838,0
DA:4840,0
DA:4841,0
DA:4845,0
DA:4847,0
DA:4849,0
DA:4861,0
DA:4862,0
DA:4870,0
DA:4873,0
DA:4874,0
DA:4875,0
DA:4878,0
DA:4879,0
DA:4882,0
DA:4883,0
DA:4884,0
DA:4885,0
DA:4886,0
DA:4887,0
DA:4893,0
DA:4894,0
DA:4895,0
DA:4901,0
DA:4902,0
DA:4905,0
DA:4906,0
DA:4908,0
DA:4910,0
DA:4911,0
DA:4914,0
DA:4915,0
DA:4927,0
DA:4928,0
DA:4929,0
DA:4930,0
DA:4931,0
DA:4934,0
DA:4935,0
DA:4936,0
DA:4943,0
DA:4944,0
DA:4945,0
DA:4951,0
DA:4952,0
DA:4954,0
DA:4957,0
DA:4967,0
DA:4968,0
DA:4969,0
DA:4971,0
DA:4972,0
DA:4973,0
DA:4974,0
DA:4976,0
DA:4977,0
DA:4979,0
DA:4982,0
DA:4984,0
DA:4985,0
DA:4988,0
DA:4995,0
DA:4996,0
DA:4998,0
DA:4999,0
DA:5001,0
DA:5002,0
DA:5008,0
DA:5009,0
DA:5011,0
DA:5014,0
DA:5023,0
DA:5033,0
DA:5036,0
DA:5046,0
DA:5055,0
DA:5061,0
DA:5068,0
DA:5070,0
DA:5071,0
DA:5072,0
DA:5074,0
DA:5076,0
DA:5092,0
DA:5093,0
DA:5094,0
DA:5097,0
DA:5098,0
DA:5101,0
DA:5102,0
DA:5103,0
DA:5106,0
DA:5109,0
DA:5112,0
DA:5118,0
DA:5121,0
DA:5124,0
DA:5125,0
DA:5127,0
DA:5130,0
DA:5132,0
DA:5139,0
DA:5141,0
DA:5142,0
DA:5143,0
DA:5145,0
DA:5146,0
DA:5148,0
DA:5152,0
DA:5154,0
DA:5155,0
DA:5156,0
DA:5157,0
DA:5158,0
DA:5166,0
DA:5168,0
DA:5182,0
DA:5184,0
DA:5186,0
DA:5187,0
DA:5188,0
DA:5193,0
DA:5196,0
DA:5199,0
DA:5204,0
DA:5209,0
DA:5214,0
DA:5215,0
DA:5218,0
DA:5220,0
DA:5222,0
DA:5224,0
DA:5226,0
DA:5228,0
DA:5242,0
DA:5243,0
DA:5244,0
DA:5246,0
DA:5248,0
DA:5251,0
DA:5252,0
DA:5253,0
DA:5256,0
DA:5257,0
DA:5258,0
DA:5265,0
DA:5266,0
DA:5267,0
DA:5270,0
DA:5274,0
DA:5276,0
DA:5278,0
DA:5283,0
DA:5284,0
DA:5290,0
DA:5291,0
DA:5292,0
DA:5294,0
DA:5296,0
DA:5298,0
DA:5299,0
DA:5300,0
DA:5301,0
DA:5302,0
DA:5308,0
DA:5310,0
DA:5311,0
DA:5313,0
DA:5318,0
DA:5320,0
DA:5321,0
DA:5322,0
DA:5329,0
DA:5330,0
DA:5340,0
DA:5343,0
DA:5344,0
DA:5345,0
DA:5346,0
DA:5347,0
DA:5348,0
DA:5349,0
DA:5351,0
DA:5352,0
DA:5354,0
DA:5355,0
DA:5356,0
DA:5358,0
DA:5359,0
DA:5360,0
DA:5361,0
DA:5368,0
DA:5369,0
DA:5371,0
DA:5372,0
DA:5373,0
DA:5377,0
DA:5379,0
DA:5382,0
DA:5383,0
DA:5384,0
DA:5385,0
DA:5391,0
DA:5394,0
DA:5395,0
DA:5397,0
DA:5398,0
DA:5400,0
DA:5402,0
DA:5404,0
DA:5405,0
DA:5406,0
DA:5408,0
DA:5409,0
DA:5411,0
DA:5418,0
DA:5419,0
DA:5420,0
DA:5422,0
DA:5423,0
DA:5445,0
DA:5446,0
DA:5447,0
DA:5449,0
DA:5450,0
DA:5451,0
DA:5452,0
DA:5454,0
DA:5455,0
DA:5456,0
DA:5458,0
DA:5463,0
DA:5466,0
DA:5467,0
DA:5470,0
DA:5471,0
DA:5472,0
DA:5478,0
DA:5480,0
DA:5481,0
DA:5482,0
DA:5484,0
DA:5485,0
DA:5486,0
DA:5488,0
DA:5489,0
DA:5501,0
DA:5503,0
DA:5504,0
DA:5505,0
DA:5507,0
DA:5509,0
DA:5511,0
DA:5519,0
DA:5520,0
DA:5521,0
DA:5522,0
DA:5524,0
DA:5526,0
DA:5527,0
DA:5532,0
DA:5533,0
DA:5534,0
DA:5535,0
DA:5536,0
DA:5537,0
DA:5540,0
DA:5541,0
DA:5546,0
DA:5547,0
DA:5549,0
DA:5550,0
DA:5552,0
DA:5553,0
DA:5555,0
DA:5556,0
DA:5558,0
DA:5561,0
DA:5565,0
DA:5580,0
DA:5581,0
DA:5584,0
DA:5585,0
DA:5586,0
DA:5588,0
DA:5589,0
DA:5592,0
DA:5596,0
DA:5597,0
DA:5598,0
DA:5607,0
DA:5608,0
DA:5611,0
DA:5613,0
DA:5614,0
DA:5616,0
DA:5617,0
DA:5618,0
DA:5619,0
DA:5622,0
DA:5623,0
DA:5624,0
DA:5630,0
DA:5632,0
DA:5633,0
DA:5634,0
DA:5635,0
DA:5636,0
DA:5638,0
DA:5639,0
DA:5645,0
DA:5651,0
DA:5667,0
DA:5668,0
DA:5674,0
DA:5675,0
DA:5676,0
DA:5678,0
DA:5683,0
DA:5684,0
DA:5685,0
DA:5687,0
DA:5691,0
DA:5692,0
DA:5694,0
DA:5695,0
DA:5696,0
DA:5699,0
DA:5700,0
DA:5701,0
DA:5702,0
DA:5703,0
DA:5704,0
DA:5705,0
DA:5706,0
DA:5707,0
DA:5708,0
DA:5713,0
DA:5714,0
DA:5715,0
DA:5716,0
DA:5717,0
DA:5718,0
DA:5719,0
DA:5720,0
DA:5721,0
DA:5722,0
DA:5725,0
DA:5726,0
DA:5727,0
DA:5728,0
DA:5729,0
DA:5730,0
DA:5731,0
DA:5732,0
DA:5733,0
DA:5734,0
DA:5741,0
DA:5747,0
DA:5748,0
DA:5749,0
DA:5750,0
DA:5751,0
DA:5752,0
DA:5756,0
DA:5757,0
DA:5758,0
DA:5759,0
DA:5760,0
DA:5763,0
DA:5764,0
DA:5765,0
DA:5766,0
DA:5767,0
DA:5770,0
DA:5771,0
DA:5772,0
DA:5774,0
DA:5778,0
DA:5780,0
DA:5781,0
DA:5784,0
DA:5786,0
DA:5788,0
DA:5789,0
DA:5790,0
DA:5791,0
DA:5798,0
DA:5799,0
DA:5800,0
DA:5801,0
DA:5802,0
DA:5804,0
DA:5805,0
DA:5808,0
DA:5810,0
DA:5812,0
DA:5813,0
DA:5815,0
DA:5816,0
DA:5819,0
DA:5820,0
DA:5822,0
DA:5830,0
DA:5831,0
DA:5833,0
DA:5843,0
DA:5845,0
DA:5847,0
DA:5853,0
DA:5854,0
DA:5855,0
DA:5862,0
DA:5868,0
DA:5870,0
DA:5872,0
DA:5873,0
DA:5874,0
DA:5875,0
DA:5877,0
DA:5879,0
DA:5880,0
DA:5882,0
DA:5892,0
DA:5894,0
DA:5896,0
DA:5898,0
DA:5900,0
DA:5910,0
DA:5911,0
DA:5912,0
DA:5914,0
DA:5915,0
DA:5925,0
DA:5927,0
DA:5928,0
DA:5929,0
DA:5930,0
DA:5933,0
DA:5934,0
DA:5939,0
DA:5940,0
DA:5943,0
DA:5944,0
DA:5950,0
DA:5952,0
DA:5953,0
DA:5954,0
DA:5955,0
DA:5956,0
DA:5959,0
DA:5961,0
DA:5962,0
DA:5963,0
DA:5964,0
DA:5967,0
DA:5968,0
DA:5970,0
DA:5972,0
DA:5974,0
DA:5979,0
DA:5980,0
DA:5983,0
DA:5984,0
DA:5991,0
DA:5994,0
DA:5995,0
DA:5998,0
DA:6000,0
DA:6001,0
DA:6002,0
DA:6003,0
DA:6004,0
DA:6007,0
DA:6009,0
DA:6010,0
DA:6011,0
DA:6012,0
DA:6015,0
DA:6016,0
DA:6018,0
DA:6020,0
DA:6025,0
DA:6026,0
DA:6029,0
DA:6030,0
DA:6036,0
DA:6038,0
DA:6039,0
DA:6040,0
DA:6041,0
DA:6042,0
DA:6052,0
DA:6054,0
DA:6056,0
DA:6057,0
DA:6059,0
DA:6061,0
DA:6072,0
DA:6073,0
DA:6074,0
DA:6075,0
DA:6078,0
DA:6082,0
DA:6083,0
DA:6097,0
DA:6099,0
DA:6101,0
DA:6102,0
DA:6104,0
DA:6106,0
DA:6117,0
DA:6120,0
DA:6121,0
DA:6122,0
DA:6123,0
DA:6125,0
DA:6126,0
DA:6140,0
DA:6142,0
DA:6143,0
DA:6144,0
DA:6148,0
DA:6151,0
DA:6171,0
DA:6172,0
DA:6173,0
DA:6174,0
DA:6175,0
DA:6176,0
DA:6177,0
DA:6187,0
DA:6188,0
DA:6190,0
DA:6191,0
DA:6192,0
DA:6193,0
DA:6195,0
DA:6197,0
DA:6198,0
DA:6200,0
DA:6201,0
DA:6203,0
DA:6204,0
DA:6206,0
DA:6209,0
DA:6221,0
DA:6222,0
DA:6224,0
DA:6225,0
DA:6226,0
DA:6227,0
DA:6229,0
DA:6230,0
DA:6231,0
DA:6233,0
DA:6234,0
DA:6237,0
DA:6240,0
DA:6241,0
DA:6243,0
DA:6244,0
DA:6246,0
DA:6248,0
DA:6253,0
DA:6261,0
DA:6263,0
DA:6264,0
DA:6265,0
DA:6267,0
DA:6268,0
DA:6270,0
DA:6286,0
DA:6287,0
DA:6289,0
DA:6290,0
DA:6291,0
DA:6292,0
DA:6294,0
DA:6295,0
DA:6296,0
DA:6298,0
DA:6299,0
DA:6302,0
DA:6305,0
DA:6306,0
DA:6308,0
DA:6309,0
DA:6311,0
DA:6313,0
DA:6318,0
DA:6319,0
DA:6326,0
DA:6328,0
DA:6330,0
DA:6340,0
DA:6342,0
DA:6343,0
DA:6344,0
DA:6345,0
DA:6346,0
DA:6350,0
DA:6351,0
DA:6352,0
DA:6353,0
DA:6354,0
DA:6357,0
DA:6358,0
DA:6359,0
DA:6360,0
DA:6361,0
DA:6364,0
DA:6365,0
DA:6366,0
DA:6368,0
DA:6369,0
DA:6370,0
DA:6373,0
DA:6374,0
DA:6376,0
DA:6377,0
DA:6382,0
DA:6383,0
DA:6385,0
DA:6387,0
DA:6389,0
DA:6391,0
DA:6392,0
DA:6393,0
DA:6396,0
DA:6398,0
DA:6401,0
DA:6403,0
DA:6406,0
DA:6409,0
DA:6410,0
DA:6411,0
DA:6412,0
DA:6425,0
DA:6426,0
DA:6428,0
DA:6429,0
DA:6430,0
DA:6431,0
DA:6432,0
DA:6436,0
DA:6437,0
DA:6438,0
DA:6439,0
DA:6440,0
DA:6443,0
DA:6444,0
DA:6445,0
DA:6446,0
DA:6451,0
DA:6452,0
DA:6458,0
DA:6460,0
DA:6461,0
DA:6462,0
DA:6463,0
DA:6465,0
DA:6467,0
DA:6469,0
DA:6471,0
DA:6479,0
DA:6480,0
DA:6487,0
DA:6489,0
DA:6491,0
DA:6495,0
DA:6497,0
DA:6498,0
DA:6499,0
DA:6500,0
DA:6502,0
DA:6505,0
DA:6512,0
DA:6514,0
DA:6515,0
DA:6516,0
DA:6518,0
DA:6523,0
DA:6524,0
DA:6525,0
DA:6526,0
DA:6528,0
DA:6529,0
DA:6530,0
DA:6532,0
DA:6552,0
DA:6564,0
DA:6565,0
DA:6571,0
DA:6573,0
DA:6574,0
DA:6575,0
DA:6576,0
DA:6579,0
DA:6580,0
DA:6582,0
DA:6583,0
DA:6588,0
DA:6589,0
DA:6590,0
DA:6592,0
DA:6593,0
DA:6594,0
DA:6597,0
DA:6599,0
DA:6600,0
DA:6601,0
DA:6602,0
DA:6605,0
DA:6608,0
DA:6609,0
DA:6610,0
DA:6611,0
DA:6616,0
DA:6617,0
DA:6623,0
DA:6624,0
DA:6625,0
DA:6628,0
DA:6629,0
DA:6630,0
DA:6638,0
DA:6639,0
DA:6641,0
DA:6642,0
DA:6643,0
DA:6650,0
DA:6651,0
DA:6652,0
DA:6653,0
DA:6654,0
DA:6656,0
DA:6664,0
DA:6666,0
DA:6669,0
LF:2904
LH:1
end_of_record
SF:lib\screens\login_screen.dart
DA:6,3
DA:10,3
DA:11,3
DA:25,3
DA:27,3
DA:28,6
DA:29,6
DA:30,6
DA:33,3
DA:35,6
DA:36,6
DA:37,6
DA:38,6
DA:39,6
DA:40,6
DA:41,3
DA:44,1
DA:45,3
DA:46,1
DA:47,2
DA:48,7
DA:50,7
DA:54,1
DA:55,2
DA:56,1
DA:60,1
DA:61,1
DA:62,3
DA:66,1
DA:67,3
DA:71,6
DA:73,3
DA:75,9
DA:76,9
DA:78,3
DA:79,3
DA:80,3
DA:82,3
DA:84,3
DA:85,3
DA:86,3
DA:89,3
DA:93,3
DA:96,12
DA:101,3
DA:102,3
DA:104,12
DA:105,3
DA:110,4
DA:111,1
DA:112,1
DA:113,1
DA:121,1
DA:122,0
DA:123,0
DA:130,3
DA:131,3
DA:132,3
DA:140,3
DA:141,0
DA:142,0
DA:145,3
DA:148,3
DA:149,3
DA:150,3
DA:151,3
DA:153,3
DA:157,3
DA:158,3
DA:159,3
DA:163,2
DA:164,3
DA:168,3
DA:169,0
DA:171,3
DA:174,1
DA:176,1
DA:182,3
DA:185,3
DA:186,3
DA:196,6
DA:198,3
DA:201,3
DA:202,3
DA:203,9
DA:204,3
DA:206,3
DA:208,6
DA:211,9
DA:214,3
DA:217,3
DA:221,4
DA:222,3
DA:224,6
DA:225,3
DA:226,3
DA:229,3
DA:231,3
DA:232,3
DA:238,3
DA:239,3
DA:241,3
DA:244,3
DA:260,3
DA:263,3
DA:266,3
DA:267,2
DA:268,3
DA:270,3
DA:271,3
LF:110
LH:105
end_of_record
SF:lib\services\pdf_export_service.dart
DA:13,0
DA:14,0
DA:18,0
DA:19,0
DA:20,0
DA:26,0
DA:28,0
DA:29,0
DA:31,0
DA:32,0
DA:34,0
DA:36,0
DA:38,0
DA:39,0
DA:42,0
DA:43,0
DA:44,0
DA:45,0
DA:46,0
DA:47,0
DA:48,0
DA:49,0
DA:50,0
DA:51,0
DA:52,0
DA:53,0
DA:54,0
DA:55,0
DA:56,0
DA:57,0
DA:59,0
DA:60,0
DA:61,0
DA:62,0
DA:63,0
DA:64,0
DA:65,0
DA:66,0
DA:67,0
DA:68,0
DA:70,0
DA:71,0
DA:72,0
DA:73,0
DA:74,0
DA:75,0
DA:76,0
DA:77,0
DA:78,0
DA:79,0
DA:81,0
DA:82,0
DA:83,0
DA:84,0
DA:85,0
DA:86,0
DA:87,0
DA:88,0
DA:90,0
DA:91,0
DA:92,0
DA:93,0
DA:94,0
DA:95,0
DA:96,0
DA:97,0
DA:103,0
DA:106,0
DA:107,0
DA:109,0
DA:110,0
DA:112,0
DA:113,0
DA:115,0
DA:118,0
DA:121,0
DA:125,0
DA:126,0
DA:131,0
DA:132,0
DA:133,0
DA:134,0
DA:135,0
DA:137,0
DA:138,0
DA:140,0
DA:148,0
DA:149,0
DA:151,0
DA:152,0
DA:153,0
DA:155,0
DA:157,0
DA:160,0
DA:166,0
DA:167,0
DA:168,0
DA:169,0
DA:170,0
DA:171,0
DA:172,0
DA:174,0
DA:175,0
DA:179,0
DA:181,0
DA:182,0
DA:183,0
DA:184,0
DA:185,0
DA:186,0
DA:187,0
DA:192,0
DA:193,0
DA:194,0
DA:196,0
DA:198,0
DA:200,0
DA:201,0
DA:207,0
DA:211,0
DA:212,0
DA:213,0
DA:214,0
DA:215,0
DA:216,0
DA:218,0
DA:219,0
DA:223,0
DA:225,0
DA:226,0
DA:227,0
DA:229,0
DA:231,0
DA:232,0
DA:240,0
DA:241,0
DA:242,0
DA:243,0
DA:245,0
DA:246,0
DA:248,0
DA:251,0
DA:252,0
LF:143
LH:0
end_of_record
SF:lib\viewmodels\province_stats_viewmodel.dart
DA:7,0
DA:13,0
DA:21,0
DA:22,0
DA:46,0
DA:47,0
DA:48,0
DA:49,0
DA:50,0
DA:51,0
DA:52,0
DA:53,0
DA:54,0
DA:57,0
DA:58,0
DA:59,0
DA:60,0
DA:63,0
DA:64,0
DA:66,0
DA:67,0
DA:69,0
DA:70,0
DA:74,0
DA:75,0
DA:77,0
DA:78,0
DA:79,0
DA:81,0
DA:82,0
DA:83,0
DA:85,0
DA:86,0
DA:87,0
DA:90,0
DA:91,0
DA:92,0
DA:93,0
DA:95,0
DA:96,0
DA:97,0
DA:98,0
DA:101,0
DA:102,0
DA:103,0
DA:104,0
DA:106,0
DA:107,0
DA:108,0
DA:109,0
DA:113,0
LF:51
LH:0
end_of_record
SF:lib\screens\user_dashboard.dart
DA:15,0
DA:26,0
DA:27,0
DA:35,0
DA:37,0
DA:38,0
DA:39,0
DA:43,0
DA:44,0
DA:45,0
DA:46,0
DA:48,0
DA:49,0
DA:50,0
DA:51,0
DA:53,0
DA:54,0
DA:55,0
DA:57,0
DA:59,0
DA:60,0
DA:62,0
DA:63,0
DA:66,0
DA:67,0
DA:75,0
DA:76,0
DA:91,0
DA:92,0
DA:93,0
DA:94,0
DA:96,0
DA:97,0
DA:98,0
DA:102,0
DA:103,0
DA:104,0
DA:105,0
DA:106,0
DA:107,0
DA:108,0
DA:109,0
DA:113,0
DA:114,0
DA:115,0
DA:118,0
DA:119,0
DA:120,0
DA:121,0
DA:122,0
DA:124,0
DA:125,0
DA:126,0
DA:127,0
DA:133,0
DA:156,0
DA:159,0
DA:160,0
DA:161,0
DA:163,0
DA:165,0
DA:166,0
DA:168,0
DA:169,0
DA:170,0
DA:173,0
DA:175,0
DA:178,0
DA:183,0
DA:185,0
DA:188,0
DA:196,0
DA:200,0
DA:202,0
DA:203,0
DA:205,0
DA:206,0
DA:208,0
DA:212,0
DA:217,0
DA:218,0
DA:219,0
DA:220,0
DA:221,0
DA:222,0
DA:223,0
DA:224,0
DA:225,0
DA:233,0
DA:243,0
DA:245,0
DA:247,0
DA:248,0
DA:249,0
DA:251,0
DA:254,0
DA:257,0
DA:259,0
DA:261,0
DA:264,0
DA:266,0
DA:268,0
DA:271,0
DA:273,0
DA:274,0
DA:285,0
DA:301,0
DA:302,0
DA:308,0
DA:310,0
DA:311,0
DA:312,0
DA:313,0
DA:317,0
DA:318,0
DA:319,0
DA:320,0
DA:322,0
DA:323,0
DA:324,0
DA:325,0
DA:329,0
DA:330,0
DA:331,0
DA:333,0
DA:334,0
DA:336,0
DA:337,0
DA:338,0
DA:339,0
DA:343,0
DA:345,0
DA:346,0
DA:349,0
DA:350,0
DA:351,0
DA:353,0
DA:354,0
DA:355,0
DA:357,0
DA:360,0
DA:366,0
DA:367,0
DA:370,0
DA:372,0
DA:374,0
DA:375,0
DA:396,0
DA:400,0
DA:402,0
DA:404,0
DA:406,0
DA:408,0
DA:409,0
DA:411,0
LF:155
LH:0
end_of_record
SF:lib\screens\user_management_dialog.dart
DA:6,1
DA:17,1
DA:18,1
DA:27,1
DA:28,2
DA:30,1
DA:32,1
DA:33,1
DA:36,1
DA:37,2
DA:38,1
DA:39,1
DA:42,4
DA:43,3
DA:45,4
DA:49,1
DA:50,4
DA:52,4
DA:53,1
DA:55,0
DA:57,3
DA:61,1
DA:62,1
DA:63,1
DA:64,2
DA:66,3
DA:67,1
DA:68,1
DA:69,3
DA:72,1
DA:73,1
DA:74,3
DA:80,1
DA:82,4
DA:84,3
DA:85,1
DA:87,0
DA:89,3
DA:93,0
DA:94,0
DA:95,0
DA:96,0
DA:99,1
DA:101,1
DA:102,2
DA:103,1
DA:105,1
DA:107,1
DA:109,2
DA:110,2
DA:111,1
DA:113,1
DA:114,1
DA:118,1
DA:119,1
DA:120,2
DA:122,1
DA:123,1
DA:125,1
DA:126,1
DA:132,1
DA:133,2
DA:134,2
DA:136,1
DA:138,1
DA:139,2
DA:140,2
DA:141,0
DA:149,2
DA:156,1
DA:157,1
DA:158,1
DA:159,1
DA:161,1
DA:164,2
DA:166,2
DA:172,1
DA:176,2
DA:182,1
DA:184,2
DA:185,1
DA:186,2
DA:187,2
DA:188,5
DA:189,4
DA:190,4
DA:199,1
DA:211,1
DA:213,2
DA:214,2
DA:216,4
DA:217,1
DA:218,4
DA:219,1
DA:221,2
DA:222,5
DA:223,3
DA:225,1
DA:227,1
DA:229,0
DA:231,0
DA:237,1
DA:239,1
DA:246,1
DA:247,2
DA:248,1
DA:250,2
DA:253,1
DA:254,1
DA:255,3
DA:256,1
DA:258,1
DA:260,1
DA:261,1
DA:266,1
DA:270,1
DA:271,1
DA:272,0
DA:275,0
DA:279,2
DA:281,1
DA:283,1
DA:284,1
DA:286,1
DA:287,1
DA:288,1
DA:289,1
DA:292,1
DA:294,1
DA:295,2
DA:296,2
DA:297,1
DA:306,1
DA:310,1
DA:312,2
DA:313,2
DA:315,2
DA:316,2
DA:317,2
DA:318,2
DA:320,1
DA:322,1
DA:324,1
DA:326,1
DA:328,1
DA:335,1
DA:340,1
DA:342,1
DA:344,1
DA:345,1
DA:346,1
DA:348,4
LF:152
LH:141
end_of_record
SF:lib\widgets\map_control_panel.dart
DA:24,0
DA:33,0
DA:35,0
DA:36,0
DA:37,0
DA:41,0
DA:42,0
DA:44,0
DA:45,0
DA:46,0
DA:48,0
DA:51,0
DA:54,0
DA:57,0
DA:61,0
DA:63,0
DA:64,0
DA:66,0
DA:67,0
DA:70,0
DA:71,0
DA:73,0
DA:75,0
DA:76,0
DA:79,0
DA:80,0
DA:91,0
DA:103,0
DA:105,0
DA:107,0
DA:109,0
DA:111,0
DA:112,0
DA:113,0
DA:114,0
DA:117,0
DA:121,0
DA:122,0
DA:123,0
DA:133,0
DA:136,0
DA:145,0
DA:150,0
DA:151,0
DA:157,0
DA:159,0
DA:160,0
DA:161,0
DA:162,0
DA:163,0
DA:165,0
DA:166,0
DA:167,0
DA:171,0
DA:173,0
DA:175,0
DA:176,0
DA:178,0
DA:188,0
DA:191,0
DA:192,0
DA:198,0
DA:200,0
DA:201,0
DA:204,0
DA:206,0
DA:207,0
DA:208,0
DA:212,0
DA:214,0
DA:215,0
DA:218,0
DA:220,0
DA:222,0
DA:224,0
DA:225,0
DA:227,0
DA:234,0
DA:236,0
DA:237,0
DA:238,0
DA:258,0
DA:260,0
DA:261,0
DA:268,0
DA:274,0
DA:275,0
DA:282,0
DA:285,0
DA:286,0
DA:287,0
DA:288,0
DA:290,0
DA:292,0
DA:299,0
DA:300,0
DA:301,0
DA:302,0
DA:303,0
DA:312,0
DA:313,0
DA:318,0
DA:319,0
DA:320,0
DA:333,0
DA:334,0
DA:345,0
DA:346,0
DA:349,0
DA:351,0
DA:352,0
DA:353,0
DA:354,0
DA:361,0
DA:362,0
DA:364,0
DA:369,0
DA:370,0
DA:374,0
DA:375,0
DA:380,0
DA:381,0
DA:383,0
DA:384,0
DA:385,0
DA:386,0
DA:387,0
DA:397,0
DA:402,0
DA:403,0
DA:407,0
DA:409,0
DA:410,0
DA:413,0
DA:415,0
DA:416,0
DA:419,0
DA:420,0
DA:423,0
DA:425,0
DA:427,0
DA:428,0
DA:429,0
DA:431,0
DA:432,0
DA:433,0
DA:434,0
DA:435,0
DA:436,0
DA:437,0
DA:438,0
DA:439,0
DA:445,0
DA:446,0
DA:447,0
DA:455,0
DA:460,0
DA:461,0
DA:467,0
DA:469,0
DA:475,0
DA:476,0
DA:479,0
DA:480,0
DA:481,0
DA:484,0
DA:485,0
DA:486,0
DA:488,0
DA:489,0
DA:490,0
DA:493,0
DA:495,0
DA:496,0
DA:497,0
DA:498,0
DA:499,0
DA:502,0
DA:503,0
DA:504,0
DA:517,0
DA:527,0
DA:529,0
DA:532,0
DA:533,0
DA:534,0
DA:535,0
DA:536,0
DA:538,0
DA:544,0
DA:558,0
DA:560,0
DA:562,0
DA:564,0
DA:565,0
DA:566,0
DA:567,0
DA:570,0
DA:571,0
DA:572,0
DA:573,0
DA:574,0
DA:575,0
DA:576,0
DA:586,0
DA:596,0
DA:597,0
DA:603,0
DA:605,0
DA:606,0
DA:607,0
DA:609,0
DA:610,0
DA:611,0
DA:614,0
DA:615,0
DA:616,0
DA:617,0
DA:618,0
DA:621,0
DA:622,0
DA:623,0
DA:625,0
DA:628,0
DA:629,0
DA:630,0
DA:631,0
DA:633,0
DA:634,0
DA:635,0
DA:636,0
DA:637,0
DA:638,0
DA:645,0
DA:647,0
DA:649,0
DA:651,0
DA:652,0
DA:663,0
DA:664,0
DA:665,0
DA:672,0
DA:682,1
DA:686,0
DA:688,0
DA:690,0
DA:691,0
DA:692,0
DA:693,0
DA:695,0
DA:697,0
DA:698,0
DA:700,0
DA:701,0
DA:702,0
DA:713,1
DA:716,0
DA:718,0
DA:720,0
DA:721,0
DA:724,0
DA:725,0
DA:728,0
DA:730,0
DA:737,1
DA:741,0
DA:743,0
DA:744,0
DA:745,0
DA:752,0
DA:754,0
DA:756,0
DA:758,0
DA:766,0
DA:767,0
DA:768,0
DA:769,0
DA:770,0
DA:771,0
DA:774,0
DA:775,0
DA:776,0
DA:778,0
DA:780,0
DA:782,0
DA:784,0
DA:786,0
DA:787,0
DA:788,0
DA:792,0
DA:795,0
DA:802,0
DA:803,0
DA:804,0
DA:806,0
DA:808,0
DA:816,0
DA:821,0
DA:823,0
DA:825,0
DA:826,0
DA:828,0
DA:829,0
DA:830,0
DA:831,0
DA:837,0
DA:839,0
DA:840,0
DA:842,0
DA:846,0
DA:847,0
DA:849,0
DA:850,0
DA:851,0
DA:859,0
DA:878,0
DA:883,0
DA:884,0
DA:885,0
DA:886,0
DA:888,0
DA:891,0
DA:892,0
DA:893,0
DA:894,0
DA:895,0
DA:896,0
DA:897,0
DA:900,0
DA:904,0
DA:908,0
DA:909,0
DA:910,0
DA:911,0
DA:915,0
DA:916,0
DA:917,0
DA:918,0
DA:919,0
DA:920,0
DA:921,0
DA:922,0
DA:923,0
DA:924,0
DA:925,0
DA:929,0
DA:932,0
DA:933,0
DA:936,0
DA:944,0
DA:950,0
DA:951,0
DA:972,0
DA:976,0
DA:978,0
DA:981,0
DA:982,0
DA:983,0
DA:984,0
DA:985,0
DA:987,0
DA:988,0
DA:989,0
DA:990,0
DA:991,0
DA:999,0
DA:1009,0
DA:1011,0
DA:1013,0
DA:1014,0
DA:1015,0
DA:1017,0
DA:1018,0
DA:1019,0
DA:1020,0
DA:1030,1
DA:1032,0
DA:1050,0
DA:1058,0
DA:1060,0
DA:1063,0
DA:1064,0
DA:1066,0
DA:1067,0
DA:1069,0
DA:1070,0
DA:1072,0
DA:1073,0
DA:1076,0
DA:1078,0
DA:1079,0
DA:1082,0
DA:1084,0
DA:1085,0
DA:1086,0
DA:1087,0
DA:1088,0
DA:1089,0
DA:1090,0
DA:1091,0
DA:1093,0
DA:1094,0
DA:1095,0
DA:1096,0
DA:1104,0
DA:1108,0
DA:1110,0
DA:1112,0
DA:1113,0
DA:1114,0
DA:1115,0
DA:1118,0
DA:1119,0
DA:1120,0
DA:1124,0
DA:1125,0
DA:1128,0
DA:1129,0
DA:1134,0
DA:1135,0
DA:1138,0
DA:1139,0
DA:1140,0
DA:1150,0
DA:1158,0
DA:1160,0
DA:1162,0
DA:1165,0
DA:1167,0
DA:1170,0
DA:1172,0
DA:1173,0
DA:1174,0
DA:1175,0
DA:1177,0
DA:1179,0
DA:1182,0
DA:1183,0
DA:1184,0
DA:1204,0
DA:1208,0
DA:1210,0
DA:1213,0
DA:1215,0
DA:1218,0
DA:1219,0
DA:1220,0
DA:1231,0
DA:1239,0
DA:1241,0
DA:1243,0
DA:1246,0
DA:1251,0
DA:1252,0
DA:1254,0
DA:1258,0
DA:1260,0
DA:1266,0
DA:1276,0
DA:1278,0
DA:1279,0
DA:1281,0
DA:1284,0
DA:1285,0
DA:1286,0
DA:1287,0
DA:1289,0
DA:1291,0
DA:1293,0
DA:1294,0
DA:1295,0
DA:1297,0
DA:1298,0
DA:1299,0
DA:1300,0
DA:1306,0
DA:1307,0
DA:1308,0
DA:1310,0
DA:1323,0
DA:1333,0
DA:1335,0
DA:1336,0
DA:1338,0
DA:1340,0
DA:1342,0
DA:1343,0
DA:1345,0
DA:1346,0
DA:1348,0
DA:1349,0
DA:1350,0
DA:1351,0
DA:1352,0
DA:1357,0
DA:1358,0
DA:1359,0
DA:1360,0
DA:1373,0
DA:1383,0
DA:1385,0
DA:1386,0
DA:1388,0
DA:1391,0
DA:1392,0
DA:1393,0
DA:1394,0
DA:1396,0
DA:1398,0
DA:1400,0
DA:1402,0
DA:1403,0
DA:1404,0
DA:1405,0
DA:1407,0
DA:1408,0
DA:1409,0
DA:1411,0
DA:1417,0
DA:1426,0
DA:1434,0
DA:1435,0
DA:1442,0
DA:1444,0
DA:1445,0
DA:1448,0
DA:1450,0
DA:1451,0
DA:1453,0
DA:1454,0
DA:1455,0
DA:1456,0
DA:1457,0
DA:1458,0
DA:1460,0
DA:1462,0
DA:1464,0
DA:1465,0
DA:1466,0
DA:1468,0
DA:1469,0
DA:1470,0
DA:1472,0
DA:1478,0
DA:1479,0
DA:1480,0
DA:1485,0
DA:1486,0
DA:1488,0
DA:1489,0
DA:1491,0
DA:1492,0
DA:1493,0
DA:1494,0
DA:1500,0
DA:1501,0
DA:1502,0
DA:1507,0
DA:1509,0
DA:1511,0
DA:1512,0
DA:1513,0
DA:1515,0
DA:1519,0
DA:1520,0
DA:1522,0
DA:1523,0
DA:1525,0
DA:1526,0
DA:1528,0
DA:1529,0
DA:1530,0
DA:1534,0
DA:1537,0
DA:1538,0
DA:1539,0
DA:1541,0
DA:1543,0
DA:1544,0
DA:1549,0
DA:1559,0
DA:1561,0
DA:1562,0
DA:1563,0
DA:1567,0
DA:1569,0
DA:1573,0
DA:1577,0
DA:1579,0
DA:1580,0
DA:1581,0
DA:1583,0
DA:1585,0
DA:1586,0
DA:1587,0
DA:1588,0
DA:1590,0
DA:1592,0
DA:1594,0
DA:1600,0
DA:1602,0
DA:1606,0
DA:1614,0
DA:1616,0
DA:1634,0
DA:1635,0
DA:1636,0
LF:607
LH:4
end_of_record
SF:lib\widgets\map_overlay_controls.dart
DA:9,0
DA:24,0
DA:27,0
DA:29,0
DA:32,0
DA:34,0
DA:35,0
DA:36,0
DA:37,0
DA:40,0
DA:41,0
DA:42,0
DA:46,0
DA:50,0
DA:53,0
DA:54,0
DA:58,0
DA:59,0
LF:18
LH:0
end_of_record
SF:lib\widgets\map_viewport.dart
DA:21,0
DA:30,0
DA:31,0
DA:37,0
DA:38,0
DA:41,0
DA:44,0
DA:47,0
DA:48,0
DA:49,0
DA:54,0
DA:56,0
DA:57,0
DA:58,0
DA:60,0
DA:62,0
DA:63,0
DA:64,0
DA:65,0
DA:66,0
DA:67,0
DA:68,0
DA:69,0
DA:70,0
DA:71,0
DA:72,0
DA:73,0
DA:74,0
DA:75,0
DA:76,0
DA:78,0
DA:79,0
DA:81,0
DA:82,0
DA:86,0
DA:88,0
DA:91,0
DA:93,0
DA:96,0
DA:98,0
DA:99,0
DA:102,0
DA:105,0
DA:108,0
DA:116,0
DA:117,0
DA:120,0
DA:121,0
DA:122,0
DA:123,0
DA:125,0
DA:126,0
DA:127,0
DA:128,0
DA:130,0
DA:131,0
DA:132,0
DA:134,0
DA:135,0
DA:136,0
DA:138,0
DA:139,0
DA:140,0
DA:141,0
DA:142,0
DA:143,0
DA:145,0
DA:146,0
DA:147,0
DA:148,0
DA:151,0
DA:152,0
DA:153,0
DA:154,0
DA:157,0
DA:159,0
DA:164,0
DA:165,0
DA:167,0
DA:168,0
DA:171,0
DA:173,0
DA:174,0
DA:175,0
DA:179,0
DA:180,0
DA:183,0
DA:186,0
DA:193,0
DA:194,0
DA:196,0
DA:201,0
DA:202,0
DA:203,0
DA:204,0
DA:205,0
DA:207,0
DA:208,0
DA:209,0
DA:211,0
DA:213,0
DA:214,0
DA:215,0
DA:216,0
DA:217,0
DA:223,0
DA:224,0
DA:236,0
DA:240,0
DA:243,0
DA:257,0
DA:260,0
DA:261,0
DA:262,0
DA:263,0
DA:264,0
DA:267,0
DA:268,0
DA:277,0
DA:278,0
DA:281,0
DA:282,0
DA:284,0
DA:289,0
DA:290,0
DA:291,0
DA:293,0
DA:294,0
DA:295,0
DA:298,0
DA:302,0
DA:306,0
DA:307,0
DA:308,0
DA:309,0
DA:311,0
DA:312,0
DA:314,0
DA:318,0
DA:321,0
DA:323,0
DA:326,0
DA:335,0
DA:345,0
DA:346,0
DA:353,0
DA:355,0
DA:356,0
DA:359,0
DA:361,0
DA:362,0
DA:363,0
DA:364,0
DA:365,0
DA:369,0
DA:370,0
DA:371,0
DA:372,0
DA:373,0
DA:376,0
DA:377,0
DA:381,0
DA:382,0
DA:383,0
DA:384,0
DA:389,0
DA:391,0
DA:392,0
DA:393,0
DA:394,0
DA:395,0
DA:399,0
DA:404,0
DA:405,0
DA:406,0
DA:407,0
DA:416,0
DA:420,0
DA:422,0
DA:423,0
DA:424,0
DA:425,0
DA:426,0
DA:428,0
DA:430,0
DA:431,0
DA:432,0
DA:440,0
DA:448,0
DA:450,0
DA:452,0
DA:454,0
DA:455,0
DA:457,0
DA:458,0
DA:460,0
DA:462,0
DA:463,0
DA:465,0
LF:199
LH:0
end_of_record
SF:lib\widgets\campaign_control_panel.dart
DA:17,0
DA:18,0
DA:19,0
DA:20,0
DA:21,0
DA:25,0
DA:26,0
DA:27,0
DA:28,0
DA:29,0
DA:30,0
DA:39,0
DA:48,0
DA:50,0
DA:54,0
DA:55,0
DA:56,0
DA:58,0
DA:60,0
DA:61,0
DA:64,0
DA:66,0
DA:67,0
DA:68,0
DA:69,0
DA:70,0
DA:71,0
DA:72,0
DA:73,0
DA:75,0
DA:78,0
DA:80,0
DA:81,0
DA:82,0
DA:83,0
DA:89,0
DA:90,0
DA:91,0
DA:92,0
DA:94,0
DA:95,0
DA:96,0
DA:97,0
DA:98,0
DA:99,0
DA:103,0
DA:104,0
DA:105,0
DA:108,0
DA:109,0
DA:111,0
DA:112,0
DA:114,0
DA:116,0
DA:118,0
DA:120,0
DA:121,0
DA:122,0
DA:123,0
DA:138,0
DA:150,0
DA:152,0
DA:154,0
DA:156,0
DA:157,0
DA:158,0
DA:159,0
DA:162,0
DA:165,0
DA:166,0
DA:167,0
DA:172,0
DA:174,0
DA:176,0
DA:178,0
DA:179,0
DA:188,0
DA:195,0
DA:201,0
DA:202,0
DA:208,0
DA:210,0
DA:211,0
DA:212,0
DA:213,0
DA:214,0
DA:216,0
DA:217,0
DA:218,0
DA:222,0
DA:224,0
DA:226,0
DA:227,0
DA:240,0
DA:246,0
DA:248,0
DA:250,0
DA:251,0
DA:253,0
DA:254,0
DA:255,0
DA:257,0
DA:258,0
DA:260,0
DA:261,0
DA:262,0
DA:263,0
DA:268,0
DA:269,0
DA:270,0
DA:271,0
DA:272,0
DA:273,0
DA:274,0
DA:275,0
DA:288,0
DA:294,0
DA:296,0
DA:299,0
DA:300,0
DA:301,0
DA:302,0
DA:303,0
DA:305,0
DA:311,0
DA:321,0
DA:322,0
DA:328,0
DA:330,0
DA:336,0
DA:337,0
DA:340,0
DA:341,0
DA:342,0
DA:345,0
DA:346,0
DA:347,0
DA:349,0
DA:350,0
DA:351,0
DA:354,0
DA:356,0
DA:357,0
DA:358,0
DA:359,0
DA:360,0
DA:361,0
DA:366,0
DA:367,0
DA:368,0
DA:385,0
DA:388,0
DA:390,0
DA:391,0
DA:393,0
DA:394,0
DA:395,0
DA:397,0
DA:407,0
DA:417,0
DA:418,0
DA:424,0
DA:426,0
DA:427,0
DA:428,0
DA:430,0
DA:431,0
DA:432,0
DA:435,0
DA:436,0
DA:437,0
DA:438,0
DA:439,0
DA:441,0
DA:442,0
DA:443,0
DA:444,0
DA:448,0
DA:449,0
DA:455,0
DA:456,0
DA:457,0
DA:458,0
DA:464,0
DA:467,0
DA:468,0
DA:471,0
DA:473,0
DA:474,0
DA:490,1
DA:493,0
DA:495,0
DA:497,0
DA:498,0
DA:501,0
DA:502,0
DA:503,0
DA:504,0
DA:507,0
DA:510,0
DA:512,0
DA:530,0
DA:535,0
DA:536,0
DA:543,0
DA:545,0
DA:546,0
DA:547,0
DA:548,0
DA:549,0
DA:553,0
DA:555,0
DA:557,0
DA:559,0
DA:561,0
DA:562,0
DA:563,0
DA:565,0
DA:566,0
DA:568,0
DA:570,0
DA:571,0
DA:575,0
DA:576,0
DA:580,0
DA:582,0
DA:583,0
DA:584,0
DA:585,0
DA:586,0
DA:587,0
DA:588,0
DA:589,0
DA:590,0
DA:591,0
DA:593,0
DA:594,0
DA:615,0
DA:627,0
DA:628,0
DA:636,0
DA:638,0
DA:639,0
DA:640,0
DA:641,0
DA:643,0
DA:644,0
DA:645,0
DA:646,0
DA:650,0
DA:652,0
DA:653,0
DA:655,0
DA:656,0
DA:659,0
DA:662,0
DA:663,0
DA:664,0
DA:665,0
DA:671,0
DA:673,0
DA:674,0
DA:676,0
DA:677,0
DA:678,0
DA:679,0
DA:688,0
DA:691,0
DA:693,0
DA:694,0
DA:699,0
DA:700,0
DA:701,0
DA:705,0
DA:720,0
DA:721,0
DA:723,0
DA:724,0
DA:733,0
DA:736,0
DA:737,0
DA:738,0
DA:739,0
DA:740,0
DA:741,0
DA:744,0
DA:753,0
DA:754,0
DA:756,0
DA:759,0
DA:761,0
DA:762,0
DA:764,0
DA:765,0
DA:767,0
DA:769,0
DA:770,0
DA:771,0
DA:772,0
DA:774,0
DA:775,0
DA:776,0
DA:803,0
DA:804,0
DA:814,0
DA:816,0
DA:817,0
DA:818,0
DA:819,0
DA:820,0
DA:821,0
DA:822,0
DA:823,0
DA:825,0
DA:828,0
DA:829,0
DA:831,0
DA:832,0
DA:833,0
DA:835,0
DA:836,0
DA:837,0
DA:841,0
DA:855,0
DA:859,0
DA:860,0
DA:868,0
DA:870,0
DA:871,0
DA:872,0
DA:875,0
DA:876,0
DA:877,0
DA:878,0
DA:879,0
DA:885,0
DA:886,0
DA:890,0
DA:891,0
DA:892,0
DA:893,0
DA:895,0
DA:897,0
DA:898,0
DA:900,0
DA:904,0
DA:906,0
DA:907,0
DA:912,0
DA:913,0
DA:915,0
DA:916,0
DA:917,0
DA:918,0
DA:921,0
DA:923,0
DA:924,0
DA:926,0
DA:928,0
DA:930,0
DA:932,0
DA:935,0
DA:937,0
DA:938,0
DA:944,0
DA:945,0
DA:947,0
DA:951,0
DA:955,0
DA:956,0
DA:965,0
DA:966,0
DA:968,0
DA:969,0
DA:972,0
DA:978,0
DA:979,0
DA:983,0
DA:984,0
DA:992,0
DA:993,0
DA:994,0
DA:995,0
DA:996,0
DA:997,0
DA:998,0
DA:1000,0
DA:1003,0
DA:1005,0
DA:1006,0
DA:1007,0
DA:1008,0
DA:1012,0
DA:1013,0
DA:1014,0
DA:1015,0
DA:1017,0
DA:1021,0
DA:1022,0
DA:1026,0
DA:1029,0
DA:1031,0
DA:1033,0
DA:1034,0
DA:1035,0
DA:1041,0
DA:1042,0
DA:1043,0
DA:1046,0
DA:1051,0
DA:1052,0
DA:1053,0
DA:1054,0
DA:1055,0
DA:1056,0
DA:1069,0
DA:1085,0
DA:1087,0
DA:1088,0
DA:1089,0
DA:1092,0
DA:1094,0
DA:1096,0
DA:1097,0
DA:1099,0
DA:1101,0
DA:1102,0
DA:1103,0
DA:1104,0
DA:1114,0
DA:1116,0
DA:1117,0
DA:1121,0
DA:1122,0
DA:1123,0
DA:1124,0
DA:1131,0
DA:1132,0
DA:1133,0
DA:1136,0
DA:1143,0
DA:1144,0
DA:1145,0
DA:1152,0
DA:1161,0
DA:1164,0
DA:1166,0
DA:1168,0
DA:1169,0
DA:1170,0
DA:1171,0
DA:1179,1
DA:1183,0
DA:1185,0
DA:1186,0
DA:1189,0
DA:1191,0
DA:1193,0
DA:1194,0
DA:1195,0
DA:1196,0
DA:1197,0
DA:1200,0
DA:1208,1
DA:1211,0
DA:1213,0
DA:1215,0
DA:1217,0
DA:1218,0
DA:1219,0
DA:1220,0
DA:1221,0
DA:1222,0
DA:1230,1
DA:1235,0
DA:1237,0
DA:1238,0
DA:1240,0
DA:1242,0
DA:1243,0
DA:1244,0
DA:1245,0
DA:1253,0
DA:1264,0
DA:1265,0
DA:1271,0
DA:1273,0
DA:1274,0
DA:1275,0
DA:1276,0
DA:1278,0
DA:1279,0
DA:1280,0
DA:1283,0
DA:1285,0
DA:1286,0
DA:1287,0
DA:1288,0
DA:1291,0
DA:1294,0
DA:1295,0
DA:1296,0
DA:1298,0
DA:1299,0
DA:1304,0
DA:1305,0
DA:1308,0
DA:1309,0
DA:1310,0
DA:1318,0
DA:1319,0
DA:1320,0
DA:1321,0
DA:1322,0
DA:1326,0
DA:1328,0
DA:1337,0
DA:1342,0
DA:1344,0
DA:1345,0
DA:1346,0
DA:1347,0
DA:1351,0
DA:1352,0
DA:1353,0
DA:1354,0
DA:1355,0
DA:1358,0
DA:1359,0
DA:1360,0
DA:1361,0
DA:1362,0
DA:1365,0
DA:1366,0
DA:1367,0
DA:1369,0
DA:1372,0
DA:1374,0
DA:1375,0
DA:1377,0
DA:1379,0
DA:1380,0
DA:1382,0
DA:1383,0
DA:1385,0
DA:1387,0
DA:1389,0
DA:1391,0
DA:1398,0
DA:1400,0
DA:1402,0
DA:1408,0
DA:1409,0
DA:1415,0
DA:1417,0
DA:1418,0
DA:1419,0
DA:1421,0
DA:1425,0
DA:1426,0
DA:1427,0
DA:1428,0
DA:1429,0
DA:1430,0
DA:1432,0
DA:1433,0
DA:1434,0
DA:1436,0
LF:568
LH:4
end_of_record
SF:lib\utils\platform_utils.dart
DA:10,0
DA:13,0
DA:15,0
DA:19,0
DA:21,0
DA:25,0
DA:27,0
DA:31,0
DA:33,0
DA:37,0
DA:39,0
DA:43,0
DA:52,0
DA:59,0
DA:64,0
DA:65,0
DA:70,0
LF:17
LH:0
end_of_record
SF:lib\widgets\map_segmented_control.dart
DA:4,0
DA:15,0
DA:17,0
DA:18,0
DA:20,0
DA:21,0
DA:23,0
DA:24,0
DA:25,0
DA:27,0
DA:28,0
DA:29,0
DA:30,0
DA:32,0
DA:33,0
DA:34,0
DA:35,0
DA:37,0
DA:39,0
DA:40,0
DA:43,0
DA:45,0
DA:46,0
DA:47,0
DA:49,0
DA:52,0
DA:53,0
DA:54,0
DA:55,0
DA:58,0
DA:69,0
DA:77,1
LF:32
LH:1
end_of_record
SF:lib\widgets\current_location_button.dart
DA:6,0
DA:17,0
DA:19,0
DA:26,0
DA:29,0
DA:30,0
DA:32,0
DA:34,0
DA:37,0
DA:38,0
DA:42,0
DA:43,0
LF:12
LH:0
end_of_record
SF:lib\widgets\current_location_indicator.dart
DA:6,0
DA:13,0
DA:15,0
DA:16,0
DA:18,0
DA:20,0
DA:21,0
DA:24,0
DA:25,0
DA:29,0
DA:32,0
DA:33,0
DA:35,0
DA:36,0
LF:14
LH:0
end_of_record
SF:lib\widgets\island_feature_overlay.dart
DA:8,0
DA:17,0
DA:19,0
DA:20,0
DA:21,0
DA:24,0
DA:28,0
DA:29,0
DA:30,0
DA:31,0
DA:37,0
DA:38,0
DA:39,0
DA:43,0
DA:44,0
DA:45,0
DA:46,0
DA:54,0
DA:58,0
DA:60,0
DA:61,0
DA:78,0
DA:79,0
DA:80,0
DA:81,0
DA:82,0
DA:83,0
DA:84,0
DA:86,0
DA:87,0
DA:89,0
DA:90,0
DA:94,0
DA:96,0
LF:34
LH:0
end_of_record
SF:lib\widgets\island_label_overlay.dart
DA:8,0
DA:17,0
DA:19,0
DA:20,0
DA:21,0
DA:24,0
DA:28,0
DA:29,0
DA:30,0
DA:31,0
DA:37,0
DA:38,0
DA:39,0
DA:43,0
DA:44,0
DA:45,0
DA:52,0
DA:56,0
DA:58,0
DA:60,0
DA:61,0
DA:62,0
DA:66,0
DA:67,0
LF:24
LH:0
end_of_record
SF:lib\widgets\lower_level_place_layer.dart
DA:9,0
DA:24,0
DA:26,0
DA:30,0
DA:31,0
DA:32,0
DA:37,0
DA:38,0
DA:41,0
DA:51,0
DA:52,0
DA:56,0
DA:58,0
DA:59,0
DA:61,0
DA:62,0
DA:64,0
DA:74,1
DA:76,0
DA:78,0
DA:81,0
DA:82,0
DA:85,0
DA:100,0
DA:104,0
DA:106,0
DA:107,0
DA:108,0
DA:109,0
DA:110,0
DA:111,0
DA:113,0
DA:115,0
DA:116,0
DA:120,0
DA:121,0
LF:36
LH:1
end_of_record
SF:lib\widgets\map_zoom_controls.dart
DA:7,0
DA:16,0
DA:18,0
DA:20,0
DA:24,0
DA:25,0
DA:27,0
DA:29,0
DA:31,0
DA:32,0
DA:35,0
DA:38,0
DA:41,0
DA:45,0
DA:46,0
DA:49,0
DA:52,0
DA:55,0
LF:18
LH:0
end_of_record
SF:lib\widgets\map_scope_overlay.dart
DA:10,0
DA:17,0
DA:18,0
DA:25,0
DA:27,0
DA:28,0
DA:31,0
DA:33,0
DA:34,0
DA:44,0
DA:45,0
DA:46,0
DA:49,0
DA:50,0
DA:52,0
DA:53,0
DA:55,0
DA:57,0
DA:60,0
DA:61,0
DA:62,0
DA:63,0
DA:65,0
DA:66,0
LF:24
LH:0
end_of_record
SF:lib\widgets\province_boundary_layer.dart
DA:9,0
DA:18,0
DA:19,0
DA:28,0
DA:30,0
DA:31,0
DA:34,0
DA:35,0
DA:37,0
DA:38,0
DA:39,0
DA:40,0
DA:47,0
DA:48,0
DA:61,0
DA:62,0
DA:63,0
DA:66,0
DA:67,0
DA:69,0
DA:70,0
DA:71,0
DA:72,0
DA:78,0
DA:80,0
DA:83,0
DA:84,0
DA:85,0
DA:86,0
DA:89,0
DA:90,0
DA:92,0
DA:94,0
DA:95,0
DA:96,0
DA:102,0
DA:104,0
DA:107,0
DA:112,0
DA:113,0
DA:114,0
DA:116,0
DA:117,0
LF:43
LH:0
end_of_record
SF:lib\widgets\province_hover_outline.dart
DA:10,0
DA:17,0
DA:18,0
DA:26,0
DA:28,0
DA:29,0
DA:30,0
DA:34,0
DA:35,0
DA:37,0
DA:38,0
DA:39,0
DA:40,0
DA:48,0
DA:61,0
DA:62,0
DA:63,0
DA:66,0
DA:67,0
DA:69,0
DA:70,0
DA:72,0
DA:74,0
DA:75,0
DA:78,0
DA:79,0
DA:80,0
DA:83,0
DA:84,0
DA:86,0
DA:87,0
DA:89,0
DA:91,0
DA:94,0
DA:95,0
DA:102,0
DA:103,0
DA:110,0
DA:115,0
DA:116,0
DA:117,0
DA:119,0
DA:120,0
LF:43
LH:0
end_of_record
SF:lib\widgets\province_label_layer.dart
DA:8,0
DA:17,0
DA:19,0
DA:23,0
DA:24,0
DA:25,0
DA:26,0
DA:32,0
DA:33,0
DA:34,0
DA:38,0
DA:39,0
DA:40,0
DA:47,0
DA:51,0
DA:53,0
DA:55,0
DA:56,0
DA:57,0
DA:61,0
DA:62,0
LF:21
LH:0
end_of_record
SF:lib\screens\map_app.dart
DA:8,0
DA:10,0
DA:11,0
DA:12,0
DA:17,1
DA:19,1
DA:21,1
DA:24,1
DA:25,1
LF:9
LH:5
end_of_record
SF:lib\utils\app_theme.dart
DA:5,0
DA:9,1
DA:10,1
DA:16,1
DA:18,1
DA:22,1
DA:24,1
DA:27,1
DA:28,1
DA:30,1
DA:32,1
DA:33,1
DA:34,1
DA:35,2
DA:38,1
DA:40,1
DA:41,1
DA:42,1
DA:43,2
DA:45,1
DA:46,1
DA:47,2
DA:49,1
DA:50,1
DA:51,2
DA:54,1
DA:55,1
DA:56,1
DA:57,1
DA:59,2
LF:30
LH:29
end_of_record
